Log file open, 03/03/18 22:46:07
LogWindows: Failed to load 'aqProf.dll' (GetLastError=126)
LogWindows: File 'aqProf.dll' does not exist
LogWindows: Failed to load 'VSPerf140.dll' (GetLastError=126)
LogWindows: File 'VSPerf140.dll' does not exist
LogWindows: Failed to load 'VtuneApi.dll' (GetLastError=126)
LogWindows: File 'VtuneApi.dll' does not exist
LogWindows: Failed to load 'VtuneApi32e.dll' (GetLastError=126)
LogWindows: File 'VtuneApi32e.dll' does not exist
LogInit: Display: Running engine for game: SHOT_STUDIOS_MASTER
LogPlatformFile: Not using cached read wrapper
LogInit: Display: RandInit(1855387311) SRandInit(1855387311).
LogInit: Read version file with build ID '3709383'
LogInit: Overriding engine version to CL 3832480, compatible CL 3709383
LogInit: Registered custom module enumerator with build ID '3709383'
LogTaskGraph: Started task graph with 5 named threads and 14 total threads with 3 sets of task threads.
LogStats: Stats thread started at 0.393326
LogD3D11RHI: Aftermath initialized
LogModuleManager: Display: Found up-to-date module file ../../../Engine/Plugins/2D/Paper2D/Binaries/Win64/UE4Editor-Paper2D.dll (API version 3709383).
LogModuleManager: Display: Found up-to-date module file ../../../Engine/Plugins/2D/Paper2D/Binaries/Win64/UE4Editor-Paper2DEditor.dll (API version 3709383).
LogModuleManager: Display: Found up-to-date module file ../../../Engine/Plugins/2D/Paper2D/Binaries/Win64/UE4Editor-PaperSpriteSheetImporter.dll (API version 3709383).
LogModuleManager: Display: Found up-to-date module file ../../../Engine/Plugins/2D/Paper2D/Binaries/Win64/UE4Editor-PaperTiledImporter.dll (API version 3709383).
LogModuleManager: Display: Found up-to-date module file ../../../Engine/Plugins/2D/Paper2D/Binaries/Win64/UE4Editor-SmartSnapping.dll (API version 3709383).
LogModuleManager: Display: Found up-to-date module file ../../../Engine/Plugins/Blendables/LightPropagationVolume/Binaries/Win64/UE4Editor-LightPropagationVolumeRuntime.dll (API version 3709383).
LogModuleManager: Display: Found up-to-date module file ../../../Engine/Plugins/Blendables/LightPropagationVolume/Binaries/Win64/UE4Editor-LightPropagationVolumeEditor.dll (API version 3709383).
LogModuleManager: Display: Found up-to-date module file ../../../Engine/Plugins/Developer/GitSourceControl/Binaries/Win64/UE4Editor-GitSourceControl.dll (API version 3709383).
LogModuleManager: Display: Found up-to-date module file ../../../Engine/Plugins/Developer/PerforceSourceControl/Binaries/Win64/UE4Editor-PerforceSourceControl.dll (API version 3709383).
LogModuleManager: Display: Found up-to-date module file ../../../Engine/Plugins/Developer/SubversionSourceControl/Binaries/Win64/UE4Editor-SubversionSourceControl.dll (API version 3709383).
LogModuleManager: Display: Found up-to-date module file ../../../Engine/Plugins/Developer/UObjectPlugin/Binaries/Win64/UE4Editor-UObjectPlugin.dll (API version 3709383).
LogModuleManager: Display: Found up-to-date module file ../../../Engine/Plugins/Developer/VisualStudioCodeSourceCodeAccess/Binaries/Win64/UE4Editor-VisualStudioCodeSourceCodeAccess.dll (API version 3709383).
LogModuleManager: Display: Found up-to-date module file ../../../Engine/Plugins/Developer/VisualStudioSourceCodeAccess/Binaries/Win64/UE4Editor-VisualStudioSourceCodeAccess.dll (API version 3709383).
LogModuleManager: Display: Found up-to-date module file ../../../Engine/Plugins/Editor/AssetManagerEditor/Binaries/Win64/UE4Editor-AssetManagerEditor.dll (API version 3709383).
LogModuleManager: Display: Found up-to-date module file ../../../Engine/Plugins/Editor/AudioCapture/Binaries/Win64/UE4Editor-AudioCapture.dll (API version 3709383).
LogModuleManager: Display: Found up-to-date module file ../../../Engine/Plugins/Editor/FacialAnimation/Binaries/Win64/UE4Editor-FacialAnimation.dll (API version 3709383).
LogModuleManager: Display: Found up-to-date module file ../../../Engine/Plugins/Editor/FacialAnimation/Binaries/Win64/UE4Editor-FacialAnimationEditor.dll (API version 3709383).
LogModuleManager: Display: Found up-to-date module file ../../../Engine/Plugins/Editor/GameplayTagsEditor/Binaries/Win64/UE4Editor-GameplayTagsEditor.dll (API version 3709383).
LogModuleManager: Display: Found up-to-date module file ../../../Engine/Plugins/Editor/MobileLauncherProfileWizard/Binaries/Win64/UE4Editor-MobileLauncherProfileWizard.dll (API version 3709383).
LogModuleManager: Display: Found up-to-date module file ../../../Engine/Plugins/Editor/PluginBrowser/Binaries/Win64/UE4Editor-PluginBrowser.dll (API version 3709383).
LogModuleManager: Display: Found up-to-date module file ../../../Engine/Plugins/Editor/SpeedTreeImporter/Binaries/Win64/UE4Editor-SpeedTreeImporter.dll (API version 3709383).
LogModuleManager: Display: Found up-to-date module file ../../../Engine/Plugins/Experimental/AlembicImporter/Binaries/Win64/UE4Editor-AlembicImporter.dll (API version 3709383).
LogModuleManager: Display: Found up-to-date module file ../../../Engine/Plugins/Experimental/AlembicImporter/Binaries/Win64/UE4Editor-AlembicLibrary.dll (API version 3709383).
LogModuleManager: Display: Found up-to-date module file ../../../Engine/Plugins/Experimental/CharacterAI/Binaries/Win64/UE4Editor-CharacterAI.dll (API version 3709383).
LogModuleManager: Display: Found up-to-date module file ../../../Engine/Plugins/Experimental/HTML5Networking/Binaries/Win64/UE4Editor-HTML5Networking.dll (API version 3709383).
LogModuleManager: Display: Found up-to-date module file ../../../Engine/Plugins/Media/AndroidMedia/Binaries/Win64/UE4Editor-AndroidMediaEditor.dll (API version 3709383).
LogModuleManager: Display: Found up-to-date module file ../../../Engine/Plugins/Media/AndroidMedia/Binaries/Win64/UE4Editor-AndroidMediaFactory.dll (API version 3709383).
LogModuleManager: Display: Found up-to-date module file ../../../Engine/Plugins/Media/AvfMedia/Binaries/Win64/UE4Editor-AvfMediaEditor.dll (API version 3709383).
LogModuleManager: Display: Found up-to-date module file ../../../Engine/Plugins/Media/AvfMedia/Binaries/Win64/UE4Editor-AvfMediaFactory.dll (API version 3709383).
LogModuleManager: Display: Found up-to-date module file ../../../Engine/Plugins/Media/AvfMedia/Binaries/Win64/UE4Editor-AvfMediaFactory.dll (API version 3709383).
LogModuleManager: Display: Found up-to-date module file ../../../Engine/Plugins/Media/ImgMedia/Binaries/Win64/UE4Editor-ImgMedia.dll (API version 3709383).
LogModuleManager: Display: Found up-to-date module file ../../../Engine/Plugins/Media/ImgMedia/Binaries/Win64/UE4Editor-ImgMediaEditor.dll (API version 3709383).
LogModuleManager: Display: Found up-to-date module file ../../../Engine/Plugins/Media/ImgMedia/Binaries/Win64/UE4Editor-ImgMediaFactory.dll (API version 3709383).
LogModuleManager: Display: Found up-to-date module file ../../../Engine/Plugins/Media/ImgMedia/Binaries/Win64/UE4Editor-ImgMediaFactory.dll (API version 3709383).
LogModuleManager: Display: Found up-to-date module file ../../../Engine/Plugins/Media/ImgMedia/Binaries/Win64/UE4Editor-OpenExrWrapper.dll (API version 3709383).
LogModuleManager: Display: Found up-to-date module file ../../../Engine/Plugins/Media/MediaCompositing/Binaries/Win64/UE4Editor-MediaCompositing.dll (API version 3709383).
LogModuleManager: Display: Found up-to-date module file ../../../Engine/Plugins/Media/MediaCompositing/Binaries/Win64/UE4Editor-MediaCompositingEditor.dll (API version 3709383).
LogModuleManager: Display: Found up-to-date module file ../../../Engine/Plugins/Media/MediaPlayerEditor/Binaries/Win64/UE4Editor-MediaPlayerEditor.dll (API version 3709383).
LogModuleManager: Display: Found up-to-date module file ../../../Engine/Plugins/Media/WmfMedia/Binaries/Win64/UE4Editor-WmfMedia.dll (API version 3709383).
LogModuleManager: Display: Found up-to-date module file ../../../Engine/Plugins/Media/WmfMedia/Binaries/Win64/UE4Editor-WmfMediaEditor.dll (API version 3709383).
LogModuleManager: Display: Found up-to-date module file ../../../Engine/Plugins/Media/WmfMedia/Binaries/Win64/UE4Editor-WmfMediaFactory.dll (API version 3709383).
LogModuleManager: Display: Found up-to-date module file ../../../Engine/Plugins/Media/WmfMedia/Binaries/Win64/UE4Editor-WmfMediaFactory.dll (API version 3709383).
LogModuleManager: Display: Found up-to-date module file ../../../Engine/Plugins/Messaging/TcpMessaging/Binaries/Win64/UE4Editor-TcpMessaging.dll (API version 3709383).
LogModuleManager: Display: Found up-to-date module file ../../../Engine/Plugins/Messaging/UdpMessaging/Binaries/Win64/UE4Editor-UdpMessaging.dll (API version 3709383).
LogModuleManager: Display: Found up-to-date module file ../../../Engine/Plugins/MovieScene/ActorSequence/Binaries/Win64/UE4Editor-ActorSequence.dll (API version 3709383).
LogModuleManager: Display: Found up-to-date module file ../../../Engine/Plugins/MovieScene/LevelSequenceEditor/Binaries/Win64/UE4Editor-LevelSequenceEditor.dll (API version 3709383).
LogModuleManager: Display: Found up-to-date module file ../../../Engine/Plugins/MovieScene/MatineeToLevelSequence/Binaries/Win64/UE4Editor-MatineeToLevelSequence.dll (API version 3709383).
LogModuleManager: Display: Found up-to-date module file ../../../Engine/Plugins/Online/OnlineSubsystem/Binaries/Win64/UE4Editor-OnlineSubsystem.dll (API version 3709383).
LogModuleManager: Display: Found up-to-date module file ../../../Engine/Plugins/Runtime/AndroidPermission/Binaries/Win64/UE4Editor-AndroidPermission.dll (API version 3709383).
LogModuleManager: Display: Found up-to-date module file ../../../Engine/Plugins/Online/OnlineSubsystemNull/Binaries/Win64/UE4Editor-OnlineSubsystemNull.dll (API version 3709383).
LogModuleManager: Display: Found up-to-date module file ../../../Engine/Plugins/Online/OnlineSubsystemUtils/Binaries/Win64/UE4Editor-OnlineSubsystemUtils.dll (API version 3709383).
LogModuleManager: Display: Found up-to-date module file ../../../Engine/Plugins/Online/OnlineSubsystemUtils/Binaries/Win64/UE4Editor-OnlineBlueprintSupport.dll (API version 3709383).
LogModuleManager: Display: Found up-to-date module file ../../../Engine/Plugins/Runtime/AndroidDeviceProfileSelector/Binaries/Win64/UE4Editor-AndroidDeviceProfileSelector.dll (API version 3709383).
LogModuleManager: Display: Found up-to-date module file ../../../Engine/Plugins/Runtime/AppleARKit/Binaries/Win64/UE4Editor-AppleARKit.dll (API version 3709383).
LogModuleManager: Display: Found up-to-date module file ../../../Engine/Plugins/Runtime/ArchVisCharacter/Binaries/Win64/UE4Editor-ArchVisCharacter.dll (API version 3709383).
LogModuleManager: Display: Found up-to-date module file ../../../Engine/Plugins/Runtime/CableComponent/Binaries/Win64/UE4Editor-CableComponent.dll (API version 3709383).
LogModuleManager: Display: Found up-to-date module file ../../../Engine/Plugins/Runtime/CustomMeshComponent/Binaries/Win64/UE4Editor-CustomMeshComponent.dll (API version 3709383).
LogModuleManager: Display: Found up-to-date module file ../../../Engine/Plugins/Runtime/ExampleDeviceProfileSelector/Binaries/Win64/UE4Editor-ExampleDeviceProfileSelector.dll (API version 3709383).
LogModuleManager: Display: Found up-to-date module file ../../../Engine/Plugins/Runtime/ImmediatePhysics/Binaries/Win64/UE4Editor-ImmediatePhysics.dll (API version 3709383).
LogModuleManager: Display: Found up-to-date module file ../../../Engine/Plugins/Runtime/ImmediatePhysics/Binaries/Win64/UE4Editor-ImmediatePhysicsEditor.dll (API version 3709383).
LogModuleManager: Display: Found up-to-date module file ../../../Engine/Plugins/Runtime/LocationServicesBPLibrary/Binaries/Win64/UE4Editor-LocationServicesBPLibrary.dll (API version 3709383).
LogModuleManager: Display: Found up-to-date module file ../../../Engine/Plugins/Runtime/MobilePatchingUtils/Binaries/Win64/UE4Editor-MobilePatchingUtils.dll (API version 3709383).
LogModuleManager: Display: Found up-to-date module file ../../../Engine/Plugins/Runtime/Oculus/OculusVR/Binaries/Win64/UE4Editor-OculusHMD.dll (API version 3709383).
LogModuleManager: Display: Found up-to-date module file ../../../Engine/Plugins/Runtime/Oculus/OculusVR/Binaries/Win64/UE4Editor-OculusInput.dll (API version 3709383).
LogModuleManager: Display: Found up-to-date module file ../../../Engine/Plugins/Runtime/Oculus/OculusVR/Binaries/Win64/UE4Editor-OculusEditor.dll (API version 3709383).
LogModuleManager: Display: Found up-to-date module file ../../../Engine/Plugins/Runtime/PhysXVehicles/Binaries/Win64/UE4Editor-PhysXVehicles.dll (API version 3709383).
LogModuleManager: Display: Found up-to-date module file ../../../Engine/Plugins/Runtime/PhysXVehicles/Binaries/Win64/UE4Editor-PhysXVehiclesEditor.dll (API version 3709383).
LogModuleManager: Display: Found up-to-date module file ../../../Engine/Plugins/Runtime/ProceduralMeshComponent/Binaries/Win64/UE4Editor-ProceduralMeshComponent.dll (API version 3709383).
LogModuleManager: Display: Found up-to-date module file ../../../Engine/Plugins/Runtime/ProceduralMeshComponent/Binaries/Win64/UE4Editor-ProceduralMeshComponentEditor.dll (API version 3709383).
LogModuleManager: Display: Found up-to-date module file ../../../Engine/Plugins/Runtime/RuntimePhysXCooking/Binaries/Win64/UE4Editor-RuntimePhysXCooking.dll (API version 3709383).
LogModuleManager: Display: Found up-to-date module file ../../../Engine/Plugins/Runtime/Steam/SteamVR/Binaries/Win64/UE4Editor-SteamVR.dll (API version 3709383).
LogModuleManager: Display: Found up-to-date module file ../../../Engine/Plugins/Runtime/Steam/SteamVR/Binaries/Win64/UE4Editor-SteamVRController.dll (API version 3709383).
LogModuleManager: Display: Found up-to-date module file ../../../Engine/Plugins/Runtime/WindowsMoviePlayer/Binaries/Win64/UE4Editor-WindowsMoviePlayer.dll (API version 3709383).
LogPluginManager: Mounting plugin Paper2D
LogPluginManager: Mounting plugin LightPropagationVolume
LogPluginManager: Mounting plugin CodeLiteSourceCodeAccess
LogPluginManager: Mounting plugin GitSourceControl
LogPluginManager: Mounting plugin KDevelopSourceCodeAccess
LogPluginManager: Mounting plugin NullSourceCodeAccess
LogPluginManager: Mounting plugin PerforceSourceControl
LogPluginManager: Mounting plugin SubversionSourceControl
LogPluginManager: Mounting plugin UObjectPlugin
LogPluginManager: Mounting plugin VisualStudioCodeSourceCodeAccess
LogPluginManager: Mounting plugin VisualStudioSourceCodeAccess
LogPluginManager: Mounting plugin XCodeSourceCodeAccess
LogPluginManager: Mounting plugin AssetManagerEditor
LogPluginManager: Mounting plugin AudioCapture
LogPluginManager: Mounting plugin FacialAnimation
LogPluginManager: Mounting plugin GameplayTagsEditor
LogPluginManager: Mounting plugin MobileLauncherProfileWizard
LogPluginManager: Mounting plugin PluginBrowser
LogPluginManager: Mounting plugin SpeedTreeImporter
LogPluginManager: Mounting plugin AlembicImporter
LogPluginManager: Mounting plugin CharacterAI
LogPluginManager: Mounting plugin HTML5Networking
LogPluginManager: Mounting plugin AndroidMedia
LogPluginManager: Mounting plugin AvfMedia
LogPluginManager: Mounting plugin ImgMedia
LogPluginManager: Mounting plugin MediaCompositing
LogPluginManager: Mounting plugin MediaPlayerEditor
LogPluginManager: Mounting plugin WmfMedia
LogPluginManager: Mounting plugin TcpMessaging
LogPluginManager: Mounting plugin UdpMessaging
LogPluginManager: Mounting plugin ActorSequence
LogPluginManager: Mounting plugin LevelSequenceEditor
LogPluginManager: Mounting plugin MatineeToLevelSequence
LogPluginManager: Mounting plugin OnlineSubsystemGooglePlay
LogPluginManager: Mounting plugin OnlineSubsystemIOS
LogPluginManager: Mounting plugin OnlineSubsystem
LogPluginManager: Mounting plugin OnlineSubsystemNull
LogPluginManager: Mounting plugin OnlineSubsystemUtils
LogPluginManager: Mounting plugin AndroidDeviceProfileSelector
LogPluginManager: Mounting plugin AndroidMoviePlayer
LogPluginManager: Mounting plugin AndroidPermission
LogPluginManager: Mounting plugin AppleARKit
LogPluginManager: Mounting plugin AppleMoviePlayer
LogPluginManager: Mounting plugin ArchVisCharacter
LogPluginManager: Mounting plugin CableComponent
LogPluginManager: Mounting plugin CustomMeshComponent
LogPluginManager: Mounting plugin ExampleDeviceProfileSelector
LogPluginManager: Mounting plugin GoogleCloudMessaging
LogPluginManager: Mounting plugin ImmediatePhysics
LogPluginManager: Mounting plugin IOSDeviceProfileSelector
LogPluginManager: Mounting plugin LinuxDeviceProfileSelector
LogPluginManager: Mounting plugin LocationServicesBPLibrary
LogPluginManager: Mounting plugin MobilePatchingUtils
LogPluginManager: Mounting plugin OculusVR
LogPluginManager: Plugin shader directory ../../../Engine/Plugins/Runtime/Oculus/OculusVR/Shaders found
LogPluginManager: Mapping shader source directory ../../../Engine/Plugins/Runtime/Oculus/OculusVR/Shaders to virtual directory /Plugin/OculusVR
LogPluginManager: Mounting plugin PhysXVehicles
LogPluginManager: Mounting plugin ProceduralMeshComponent
LogPluginManager: Mounting plugin RuntimePhysXCooking
LogPluginManager: Mounting plugin SteamVR
LogPluginManager: Mounting plugin WindowsMoviePlayer
LogInit: Using libcurl 7.47.1
LogInit:  - built for x86_64-pc-win32
LogInit:  - supports SSL with OpenSSL/1.0.2g
LogInit:  - supports HTTP deflate (compression) using libz 1.2.8
LogInit:  - other features:
LogInit:      CURL_VERSION_SSL
LogInit:      CURL_VERSION_LIBZ
LogInit:      CURL_VERSION_IPV6
LogInit:      CURL_VERSION_ASYNCHDNS
LogInit:      CURL_VERSION_LARGEFILE
LogInit:      CURL_VERSION_IDN
LogInit:  CurlRequestOptions (configurable via config and command line):
LogInit:  - bVerifyPeer = false  - Libcurl will NOT verify peer certificate
LogInit:  - bUseHttpProxy = false  - Libcurl will NOT use HTTP proxy
LogInit:  - bDontReuseConnections = false  - Libcurl will reuse connections
LogInit:  - CertBundlePath = nullptr  - Libcurl will use whatever was configured at build time.
LogInit: Build: ++UE4+Release-4.18-CL-3832480
LogInit: Engine Version: 4.18.3-3832480+++UE4+Release-4.18
LogInit: Compatible Engine Version: 4.18.0-3709383+++UE4+Release-4.18
LogInit: Net CL: 3709383
LogDevObjectVersion: Number of dev versions registered: 16
LogDevObjectVersion:   Dev-Blueprints (B0D832E4-1F89-4F0D-ACCF-7EB736FD4AA2): 10
LogDevObjectVersion:   Dev-Build (E1C64328-A22C-4D53-A36C-8E866417BD8C): 0
LogDevObjectVersion:   Dev-Core (375EC13C-06E4-48FB-B500-84F0262A717E): 2
LogDevObjectVersion:   Dev-Editor (E4B068ED-F494-42E9-A231-DA0B2E46BB41): 20
LogDevObjectVersion:   Dev-Framework (CFFC743F-43B0-4480-9391-14DF171D2073): 30
LogDevObjectVersion:   Dev-Mobile (B02B49B5-BB20-44E9-A304-32B752E40360): 0
LogDevObjectVersion:   Dev-Networking (A4E4105C-59A1-49B5-A7C5-40C4547EDFEE): 0
LogDevObjectVersion:   Dev-Online (39C831C9-5AE6-47DC-9A44-9C173E1C8E7C): 0
LogDevObjectVersion:   Dev-Physics (78F01B33-EBEA-4F98-B9B4-84EACCB95AA2): 0
LogDevObjectVersion:   Dev-Platform (6631380F-2D4D-43E0-8009-CF276956A95A): 0
LogDevObjectVersion:   Dev-Rendering (12F88B9F-8875-4AFC-A67C-D90C383ABD29): 20
LogDevObjectVersion:   Dev-Sequencer (7B5AE74C-D270-4C10-A958-57980B212A5A): 4
LogDevObjectVersion:   Dev-VR (D7296918-1DD6-4BDD-9DE2-64A83CC13884): 0
LogDevObjectVersion:   Dev-LoadTimes (C2A15278-BFE7-4AFE-6C17-90FF531DF755): 1
LogDevObjectVersion:   Private-Geometry (6EACA3D4-40EC-4CC1-B786-8BED09428FC5): 1
LogDevObjectVersion:   Dev-AnimPhys (29E575DD-E0A3-4627-9D10-D276232CDCEA): 12
LogInit: Compiled (64-bit): Jan 12 2018 02:04:55
LogInit: Compiled with Visual C++: 19.00.24215.01
LogInit: Build Configuration: Development
LogInit: Branch Name: ++UE4+Release-4.18
LogInit: Command line:  
LogInit: Base directory: C:/Program Files/Epic Games/UE_4.18/Engine/Binaries/Win64/
LogInit: Installed Engine Build: 1
LogInit: Presizing for max 8388607 objects, including 0 objects not considered by GC, pre-allocating 0 bytes for permanent pool.
LogInit: Object subsystem initialized
[2018.03.03-11.46.10:743][  0]LogInit: Selected Device Profile: [Windows]
[2018.03.03-11.46.10:743][  0]LogInit: Applying CVar settings loaded from the selected device profile: [Windows]
[2018.03.03-11.46.10:766][  0]LogInit: Computer: LAPTOP-649GGATK
[2018.03.03-11.46.10:766][  0]LogInit: User: ZacGilfoyle
[2018.03.03-11.46.10:766][  0]LogInit: CPU Page size=4096, Cores=4
[2018.03.03-11.46.10:766][  0]LogInit: High frequency timer resolution =2.742189 MHz
[2018.03.03-11.46.10:767][  0]LogMemory: Memory total: Physical=7.9GB (8GB approx)
[2018.03.03-11.46.10:767][  0]LogMemory: Platform Memory Stats for Windows
[2018.03.03-11.46.10:767][  0]LogMemory: Process Physical Memory: 275.78 MB used, 275.78 MB peak
[2018.03.03-11.46.10:767][  0]LogMemory: Process Virtual Memory: 271.71 MB used, 271.71 MB peak
[2018.03.03-11.46.10:767][  0]LogMemory: Physical Memory: 5142.86 MB used,  2913.00 MB free, 8055.86 MB total
[2018.03.03-11.46.10:767][  0]LogMemory: Virtual Memory: 680.02 MB used,  2913.00 MB free, 134217728.00 MB total
[2018.03.03-11.46.11:993][  0]LogInit: Using OS detected language (en-US).
[2018.03.03-11.46.11:993][  0]LogInit: Using OS detected locale (en-AU).
[2018.03.03-11.46.12:044][  0]LogTextLocalizationManager: No specific localization for 'en-US' exists, so the 'en' localization will be used.
[2018.03.03-11.46.12:494][  0]LogInit: Setting process to per monitor DPI aware
[2018.03.03-11.46.14:761][  0]LogD3D11RHI: D3D11 adapters:
[2018.03.03-11.46.14:825][  0]LogD3D11RHI:    0. 'NVIDIA GeForce GTX 1050' (Feature Level 11_0)
[2018.03.03-11.46.14:825][  0]LogD3D11RHI:       4029/0/4027 MB DedicatedVideo/DedicatedSystem/SharedSystem, Outputs:1, VendorId:0x10de
[2018.03.03-11.46.14:835][  0]LogD3D11RHI:    1. 'Intel(R) HD Graphics 630' (Feature Level 11_0)
[2018.03.03-11.46.14:835][  0]LogD3D11RHI:       128/0/4027 MB DedicatedVideo/DedicatedSystem/SharedSystem, Outputs:0, VendorId:0x8086
[2018.03.03-11.46.14:837][  0]LogD3D11RHI:    2. 'Microsoft Basic Render Driver' (Feature Level 11_0)
[2018.03.03-11.46.14:837][  0]LogD3D11RHI:       0/0/4027 MB DedicatedVideo/DedicatedSystem/SharedSystem, Outputs:0, VendorId:0x1414
[2018.03.03-11.46.14:837][  0]LogD3D11RHI: Chosen D3D11 Adapter: 0
[2018.03.03-11.46.14:846][  0]LogD3D11RHI: Creating new Direct3DDevice
[2018.03.03-11.46.14:846][  0]LogD3D11RHI:     GPU DeviceId: 0x1c8d (for the marketing name, search the web for "GPU Device Id")
[2018.03.03-11.46.14:846][  0]LogWindows: EnumDisplayDevices:
[2018.03.03-11.46.14:846][  0]LogWindows:    0. 'Intel(R) HD Graphics 630' (P:1 D:1)
[2018.03.03-11.46.14:847][  0]LogWindows:    1. 'Intel(R) HD Graphics 630' (P:0 D:0)
[2018.03.03-11.46.14:847][  0]LogWindows:    2. 'Intel(R) HD Graphics 630' (P:0 D:0)
[2018.03.03-11.46.14:847][  0]LogWindows:    3. 'NVIDIA GeForce GTX 1050' (P:0 D:0)
[2018.03.03-11.46.14:847][  0]LogWindows:    4. 'NVIDIA GeForce GTX 1050' (P:0 D:0)
[2018.03.03-11.46.14:847][  0]LogWindows:    5. 'NVIDIA GeForce GTX 1050' (P:0 D:0)
[2018.03.03-11.46.14:847][  0]LogWindows:    6. 'NVIDIA GeForce GTX 1050' (P:0 D:0)
[2018.03.03-11.46.14:847][  0]LogWindows: DebugString: GetVideoDriverDetailsInvalid PrimaryIsNotTheChoosenAdapter GetVideoDriverDetailsInvalid PrimaryIsNotTheChoosenAdapter GetVideoDriverDetailsInvalid PrimaryIsNotTheChoosenAdapter GetVideoDriverDetailsInvalid PrimaryIsNotTheChoosenAdapter GetVideoDriverDetailsInvalid PrimaryIsNotTheChoosenAdapter GetVideoDriverDetailsInvalid PrimaryIsNotTheChoosenAdapter GetVideoDriverDetailsInvalid PrimaryIsNotTheChoosenAdapter FoundDriverCount:0 
[2018.03.03-11.46.14:847][  0]LogD3D11RHI:     Adapter Name: NVIDIA GeForce GTX 1050
[2018.03.03-11.46.14:847][  0]LogD3D11RHI:   Driver Version: Unknown (internal:Unknown, unified:Unknown)
[2018.03.03-11.46.14:847][  0]LogD3D11RHI:      Driver Date: Unknown
[2018.03.03-11.46.14:847][  0]LogRHI: Texture pool is 2820 MB (70% of 4029 MB)
[2018.03.03-11.46.14:882][  0]LogD3D11RHI: Async texture creation enabled
[2018.03.03-11.46.14:923][  0]LogD3D11RHI: GPU Timing Frequency: 1000.000000 (Debug: 2 1)
[2018.03.03-11.46.14:929][  0]LogShaderCompilers: Guid format shader working directory is -41 characters bigger than the processId version (../../../../../../Users/Zac Gilfoyle/Documents/GitHub/SHOT_STUDIOS_MASTER/SHOT_STUDIOS_MASTER/Intermediate/Shaders/WorkingDirectory/20808/).
[2018.03.03-11.46.14:930][  0]LogShaderCompilers: Cleaned the shader compiler working directory 'C:/Users/Zac Gilfoyle/AppData/Local/Temp/UnrealShaderWorkingDir/69760B854B2843ED7D551D99ADE97832/'.
[2018.03.03-11.46.14:930][  0]LogShaderCompilers: Display: Using Local Shader Compiler.
[2018.03.03-11.46.17:763][  0]LogTemp: Display: Loaded TP AllDesktopTargetPlatform
[2018.03.03-11.46.17:835][  0]LogTemp: Display: Loaded TP MacClientTargetPlatform
[2018.03.03-11.46.17:910][  0]LogTemp: Display: Loaded TP MacNoEditorTargetPlatform
[2018.03.03-11.46.17:983][  0]LogTemp: Display: Loaded TP MacServerTargetPlatform
[2018.03.03-11.46.18:062][  0]LogTemp: Display: Loaded TP MacTargetPlatform
[2018.03.03-11.46.18:135][  0]LogTemp: Display: Loaded TP WindowsClientTargetPlatform
[2018.03.03-11.46.18:206][  0]LogTemp: Display: Loaded TP WindowsNoEditorTargetPlatform
[2018.03.03-11.46.18:277][  0]LogTemp: Display: Loaded TP WindowsServerTargetPlatform
[2018.03.03-11.46.18:343][  0]LogTemp: Display: Loaded TP WindowsTargetPlatform
[2018.03.03-11.46.18:415][  0]LogTemp: Display: Loaded TP Android_ASTCTargetPlatform
[2018.03.03-11.46.18:485][  0]LogTemp: Display: Loaded TP Android_ATCTargetPlatform
[2018.03.03-11.46.18:561][  0]LogTemp: Display: Loaded TP Android_DXTTargetPlatform
[2018.03.03-11.46.18:633][  0]LogTemp: Display: Loaded TP Android_ETC1TargetPlatform
[2018.03.03-11.46.18:703][  0]LogTemp: Display: Loaded TP Android_ETC2TargetPlatform
[2018.03.03-11.46.18:846][  0]LogTemp: Display: Loaded TP Android_MultiTargetPlatform
[2018.03.03-11.46.18:847][  0]LogTemp: Display: Loaded TP Android_PVRTCTargetPlatform
[2018.03.03-11.46.18:924][  0]LogTemp: Display: Loaded TP AndroidTargetPlatform
[2018.03.03-11.46.18:985][  0]LogTemp: Display: Loaded TP HTML5TargetPlatform
[2018.03.03-11.46.19:140][  0]LogTemp: Display: Loaded TP IOSTargetPlatform
[2018.03.03-11.46.19:191][  0]LogTemp: Display: Loaded TP TVOSTargetPlatform
[2018.03.03-11.46.19:260][  0]LogTemp: Display: Loaded TP LinuxClientTargetPlatform
[2018.03.03-11.46.19:329][  0]LogTemp: Display: Loaded TP LinuxNoEditorTargetPlatform
[2018.03.03-11.46.19:398][  0]LogTemp: Display: Loaded TP LinuxServerTargetPlatform
[2018.03.03-11.46.19:477][  0]LogTemp: Display: Loaded TP LinuxTargetPlatform
[2018.03.03-11.46.19:477][  0]LogTargetPlatformManager: Display: Building Assets For Windows
[2018.03.03-11.46.20:664][  0]LogDerivedDataCache: Display: Max Cache Size: 512 MB
[2018.03.03-11.46.20:664][  0]LogDerivedDataCache: Display: Starting with empty Boot cache
[2018.03.03-11.46.20:664][  0]LogDerivedDataCache: FDerivedDataBackendGraph:  Pak pak cache file ../../../../../../Users/Zac Gilfoyle/Documents/GitHub/SHOT_STUDIOS_MASTER/SHOT_STUDIOS_MASTER/DerivedDataCache/DDC.ddp not found, will not use a pak cache.
[2018.03.03-11.46.20:664][  0]LogDerivedDataCache: Unable to find inner node Pak for hierarchical cache Hierarchy.
[2018.03.03-11.46.20:664][  0]LogDerivedDataCache: FDerivedDataBackendGraph:  CompressedPak pak cache file ../../../../../../Users/Zac Gilfoyle/Documents/GitHub/SHOT_STUDIOS_MASTER/SHOT_STUDIOS_MASTER/DerivedDataCache/Compressed.ddp not found, will not use a pak cache.
[2018.03.03-11.46.20:664][  0]LogDerivedDataCache: Unable to find inner node CompressedPak for hierarchical cache Hierarchy.
[2018.03.03-11.46.20:691][  0]LogDerivedDataCache: Display: Pak cache opened for reading ../../../Engine/DerivedDataCache/Compressed.ddp.
[2018.03.03-11.46.20:704][  0]LogDerivedDataCache: Using Local data cache path C:/Users/Zac Gilfoyle/AppData/Local/UnrealEngine/Common/DerivedDataCache: Writable
[2018.03.03-11.46.20:732][  0]LogMaterial: Verifying Global Shaders for PCD3D_SM5
[2018.03.03-11.46.20:738][  0]LogSlate: Using Freetype 2.6.0
[2018.03.03-11.46.20:754][  0]LogSlate: SlateFontCache - WITH_FREETYPE: 1, WITH_HARFBUZZ: 1
[2018.03.03-11.46.20:755][  0]LogSlate: SlateFontCache - WITH_FREETYPE: 1, WITH_HARFBUZZ: 1
[2018.03.03-11.46.25:801][  0]LogInit: Selected Device Profile: [Windows]
[2018.03.03-11.46.26:028][  0]LogMaterial: Missing cached shader map for material DefaultDeferredDecalMaterial, compiling. 
[2018.03.03-11.46.35:782][  0]LogMaterial: Missing cached shader map for material DefaultLightFunctionMaterial, compiling. 
[2018.03.03-11.46.36:773][  0]LogMaterial: Missing cached shader map for material DefaultPostProcessMaterial, compiling. 
[2018.03.03-11.46.37:493][  0]LogMaterial: Missing cached shader map for material WorldGridMaterial, compiling. Is special engine material.
[2018.03.03-11.47.19:169][  0]LogMaterial: Missing cached shader map for material MatineeCam_mat, compiling. 
[2018.03.03-11.47.19:728][  0]LogSimplygon: Simplygon DLL not present - disabling.
[2018.03.03-11.47.19:810][  0]LogMeshReduction: Using SimplygonSwarm for distributed automatic mesh merging
[2018.03.03-11.47.19:810][  0]LogMeshReduction: Using QuadricMeshReduction for automatic static mesh reduction
[2018.03.03-11.47.19:810][  0]LogMeshReduction: No automatic skeletal mesh reduction module available
[2018.03.03-11.47.19:810][  0]LogMeshReduction: No automatic mesh merging module available
[2018.03.03-11.47.19:810][  0]LogMeshMerging: No automatic mesh merging module available
[2018.03.03-11.47.19:917][  0]LogNetVersion: SHOT_STUDIOS_MASTER , NetCL: 3709383, EngineNetVer: 2, GameNetVer: 0 (Checksum: 2059099905)
[2018.03.03-11.47.20:013][  0]LogMaterial: Missing cached shader map for material HelpActorMaterial, compiling. 
[2018.03.03-11.47.20:436][  0]LogMaterial: Missing cached shader map for material DefaultTextMaterialOpaque, compiling. 
[2018.03.03-11.47.20:747][  0]LogAssetRegistry: FAssetRegistry took 0.0319 seconds to start up
[2018.03.03-11.47.20:848][  0]LogMaterial: Missing cached shader map for material Main, compiling. 
[2018.03.03-11.47.20:874][  0]LogMaterial: Missing cached shader map for material Xray, compiling. 
[2018.03.03-11.47.21:307][  0]LogMaterial: Missing cached shader map for material TranslucentTransformGizmoMaterial, compiling. 
[2018.03.03-11.47.21:328][  0]LogMaterial: Missing cached shader map for material TransformGizmoMaterial, compiling. 
[2018.03.03-11.47.21:362][  0]LogMaterial: Missing cached shader map for material SnapGridMaterial, compiling. 
[2018.03.03-11.47.21:588][  0]LogMaterial: Missing cached shader map for material CineMat, compiling. 
[2018.03.03-11.47.21:800][  0]LogMaterial: Missing cached shader map for material M_SimpleOpaque, compiling. 
[2018.03.03-11.47.21:873][  0]LogMaterial: Missing cached shader map for material M_SimpleTranslucent, compiling. 
[2018.03.03-11.47.22:087][  0]LogMaterial: Missing cached shader map for material Widget3DPassThrough, compiling. 
[2018.03.03-11.47.22:110][  0]LogMaterial: Missing cached shader map for material Widget3DPassThrough, compiling. 
[2018.03.03-11.47.22:169][  0]LogMaterial: Missing cached shader map for material Widget3DPassThrough, compiling. 
[2018.03.03-11.47.22:207][  0]LogMaterial: Missing cached shader map for material Widget3DPassThrough, compiling. 
[2018.03.03-11.47.22:235][  0]LogMaterial: Missing cached shader map for material Widget3DPassThrough, compiling. 
[2018.03.03-11.47.22:282][  0]LogMaterial: Missing cached shader map for material Widget3DPassThrough, compiling. 
[2018.03.03-11.47.22:589][  0]LogMaterial: Missing cached shader map for material SkySphereMaterial, compiling. 
[2018.03.03-11.47.22:635][  0]LogMaterial: Missing cached shader map for material FloorPlaneMaterial, compiling. 
[2018.03.03-11.47.23:026][  0]LogMaterial: Missing cached shader map for material LandscapeGizmo_Mat, compiling. 
[2018.03.03-11.47.23:074][  0]LogMaterial: Missing cached shader map for material LandscapeGizmoHeight_Mat, compiling. 
[2018.03.03-11.47.23:180][  0]LogMaterial: Missing cached shader map for material SplineEditorMeshMat, compiling. 
[2018.03.03-11.47.23:260][  0]LogMaterial: Missing cached shader map for material ARKitCameraMaterial, compiling. 
[2018.03.03-11.47.23:336][  0]LogMaterial: Missing cached shader map for material GearVRControllerMaterial, compiling. 
[2018.03.03-11.47.23:616][  0]LogPackageLocalizationCache: Processed 7 localized package path(s) for 2 prioritized culture(s) in 0.183906 seconds
[2018.03.03-11.47.23:632][  0]LogUObjectArray: 35870 objects as part of root set at end of initial load.
[2018.03.03-11.47.23:632][  0]LogUObjectAllocator: 7363696 out of 0 bytes used by permanent object pool.
[2018.03.03-11.47.23:632][  0]LogUObjectArray: CloseDisregardForGC: 0/0 objects in disregard for GC pool
[2018.03.03-11.47.23:791][  0]LogInit: WinSock: version 1.1 (2.2), MaxSocks=32767, MaxUdp=65467
[2018.03.03-11.47.31:612][  0]LogMaterial: Missing cached shader map for material GridMaterial, compiling. 
[2018.03.03-11.47.31:635][  0]LogMaterial: Missing cached shader map for material VRTextMaterial, compiling. 
[2018.03.03-11.47.31:667][  0]LogMaterial: Missing cached shader map for material ArrowMaterial, compiling. 
[2018.03.03-11.47.31:723][  0]LogMaterial: Missing cached shader map for material KeyDiskMaterial, compiling. 
[2018.03.03-11.47.31:750][  0]LogMaterial: Missing cached shader map for material M_ContentWindow, compiling. 
[2018.03.03-11.47.31:824][  0]LogMaterial: Missing cached shader map for material LaserPointerMaterial, compiling. 
[2018.03.03-11.47.31:864][  0]LogMaterial: Missing cached shader map for material GenericHMDMaterial, compiling. 
[2018.03.03-11.47.31:916][  0]LogMaterial: Missing cached shader map for material TeleportDirectionMaterial, compiling. 
[2018.03.03-11.47.31:974][  0]LogMaterial: Missing cached shader map for material LaserPointerMaterial, compiling. 
[2018.03.03-11.47.32:035][  0]LogMaterial: Missing cached shader map for material GridPostProcess, compiling. 
[2018.03.03-11.47.32:052][  0]LogMaterial: Missing cached shader map for material FlattenHeightMat, compiling. 
[2018.03.03-11.47.32:078][  0]LogMaterial: Missing cached shader map for material OculusControllerMaterial, compiling. 
[2018.03.03-11.47.32:162][  0]LogMaterial: Missing cached shader map for material VivePreControllerMaterial, compiling. 
[2018.03.03-11.47.32:253][  0]LogMaterial: Missing cached shader map for material LineMaterial, compiling. 
[2018.03.03-11.47.32:277][  0]LogMaterial: Missing cached shader map for material VRTextMaterial, compiling. 
[2018.03.03-11.47.34:654][  0]LogMaterial: Missing cached shader map for material DefaultSpriteMaterial, compiling. 
[2018.03.03-11.47.34:687][  0]LogMaterial: Missing cached shader map for material DefaultSpriteMaterial, compiling. 
[2018.03.03-11.47.35:760][  0]LogTcpMessaging: Initializing TcpMessaging bridge
[2018.03.03-11.47.35:856][  0]LogUdpMessaging: Initializing bridge on interface 0.0.0.0:0 to multicast group 230.0.0.1:6666.
[2018.03.03-11.47.37:082][  0]LogMaterial: Missing cached shader map for material DefaultMaterial, compiling. 
[2018.03.03-11.47.38:366][  0]LogMaterial: Missing cached shader map for material BaseColor, compiling. 
[2018.03.03-11.47.38:382][  0]LogMaterial: Missing cached shader map for material CustomDepth, compiling. 
[2018.03.03-11.47.38:430][  0]LogMaterial: Uniform references updated for custom material expression Custom.
[2018.03.03-11.47.38:436][  0]LogMaterial: Missing cached shader map for material CustomStencil, compiling. 
[2018.03.03-11.47.38:454][  0]LogMaterial: Missing cached shader map for material FinalImage, compiling. 
[2018.03.03-11.47.38:474][  0]LogMaterial: Missing cached shader map for material LightingModel, compiling. 
[2018.03.03-11.47.38:491][  0]LogMaterial: Missing cached shader map for material MaterialAO, compiling. 
[2018.03.03-11.47.38:510][  0]LogMaterial: Missing cached shader map for material Metallic, compiling. 
[2018.03.03-11.47.38:529][  0]LogMaterial: Missing cached shader map for material Opacity, compiling. 
[2018.03.03-11.47.38:547][  0]LogMaterial: Missing cached shader map for material Roughness, compiling. 
[2018.03.03-11.47.38:564][  0]LogMaterial: Missing cached shader map for material SceneColor, compiling. 
[2018.03.03-11.47.38:582][  0]LogMaterial: Missing cached shader map for material SceneDepth, compiling. 
[2018.03.03-11.47.38:599][  0]LogMaterial: Missing cached shader map for material SeparateTranslucencyRGB, compiling. 
[2018.03.03-11.47.38:616][  0]LogMaterial: Missing cached shader map for material SeparateTranslucencyA, compiling. 
[2018.03.03-11.47.38:635][  0]LogMaterial: Missing cached shader map for material Specular, compiling. 
[2018.03.03-11.47.38:655][  0]LogMaterial: Missing cached shader map for material SubsurfaceColor, compiling. 
[2018.03.03-11.47.38:674][  0]LogMaterial: Missing cached shader map for material WorldNormal, compiling. 
[2018.03.03-11.47.38:697][  0]LogMaterial: Missing cached shader map for material AmbientOcclusion, compiling. 
[2018.03.03-11.47.38:725][  0]LogMaterial: Missing cached shader map for material CustomDepthWorldUnits, compiling. 
[2018.03.03-11.47.38:744][  0]LogMaterial: Missing cached shader map for material SceneDepthWorldUnits, compiling. 
[2018.03.03-11.47.38:760][  0]LogMaterial: Missing cached shader map for material PreTonemapHDRColor, compiling. 
[2018.03.03-11.47.38:775][  0]LogMaterial: Missing cached shader map for material PostTonemapHDRColor, compiling. 
[2018.03.03-11.47.39:819][  0]SourceControl: Source control is disabled
[2018.03.03-11.47.39:820][  0]SourceControl: Source control is disabled
[2018.03.03-11.47.39:980][  0]SourceControl: Source control is disabled
[2018.03.03-11.47.40:136][  0]SourceControl: Source control is disabled
[2018.03.03-11.47.41:726][  0]LogMaterial: Missing cached shader map for material DefaultMediaPlaneMaterial, compiling. 
[2018.03.03-11.47.42:545][  0]LogAndroidPermission: UAndroidPermissionCallbackProxy::GetInstance
[2018.03.03-11.47.43:380][  0]LogOcInput: OculusInput pre-init called
[2018.03.03-11.47.44:026][  0]LogMaterial: Missing cached shader map for material HighResScreenshot, compiling. 
[2018.03.03-11.47.44:053][  0]LogMaterial: Missing cached shader map for material HighResScreenshotMask, compiling. 
[2018.03.03-11.47.44:089][  0]LogMaterial: Missing cached shader map for material HighResScreenshotCaptureRegion, compiling. 
[2018.03.03-11.47.44:200][  0]LogEngine: Initializing Engine...
[2018.03.03-11.47.44:209][  0]LogHMD: Failed to initialize OpenVR with code 110
[2018.03.03-11.47.44:220][  0]LogMaterial: Missing cached shader map for material WireframeMaterial, compiling. Is special engine material.
[2018.03.03-11.47.44:574][  0]LogMaterial: Missing cached shader map for material LevelColorationLitMaterial, compiling. Is special engine material.
[2018.03.03-11.47.45:605][  0]LogMaterial: Missing cached shader map for material LevelColorationUnlitMaterial, compiling. Is special engine material.
[2018.03.03-11.47.46:042][  0]LogMaterial: Missing cached shader map for material MAT_LevelColorationLitLightmapUV, compiling. Is special engine material.
[2018.03.03-11.47.47:098][  0]LogMaterial: Missing cached shader map for material ShadedLevelColorationLitMaterial, compiling. Is special engine material.
[2018.03.03-11.47.48:193][  0]LogMaterial: Missing cached shader map for material ShadedLevelColorationUnlitMateri, compiling. Is special engine material.
[2018.03.03-11.47.48:517][  0]LogMaterial: Missing cached shader map for material VertexColorMaterial, compiling. 
[2018.03.03-11.47.48:692][  0]LogMaterial: Missing cached shader map for material VertexColorViewMode_ColorOnly, compiling. 
[2018.03.03-11.47.48:736][  0]LogMaterial: Missing cached shader map for material VertexColorViewMode_AlphaAsColor, compiling. 
[2018.03.03-11.47.48:774][  0]LogMaterial: Missing cached shader map for material VertexColorViewMode_RedOnly, compiling. 
[2018.03.03-11.47.48:808][  0]LogMaterial: Missing cached shader map for material VertexColorViewMode_GreenOnly, compiling. 
[2018.03.03-11.47.48:842][  0]LogMaterial: Missing cached shader map for material VertexColorViewMode_BlueOnly, compiling. 
[2018.03.03-11.47.48:873][  0]LogMaterial: Missing cached shader map for material RemoveSurfaceMaterial, compiling. 
[2018.03.03-11.47.48:890][  0]LogMaterial: Missing cached shader map for material DebugMeshMaterial, compiling. 
[2018.03.03-11.47.48:921][  0]LogMaterial: Missing cached shader map for material M_InvalidLightmapSettings, compiling. 
[2018.03.03-11.47.49:003][  0]LogMaterial: Missing cached shader map for material GizmoMaterial, compiling. 
[2018.03.03-11.47.49:037][  0]LogMaterial: Missing cached shader map for material PhAT_JointLimitMaterial, compiling. 
[2018.03.03-11.47.49:083][  0]LogMaterial: Missing cached shader map for material GeomMaterial, compiling. 
[2018.03.03-11.47.49:109][  0]LogMaterial: Missing cached shader map for material EditorBrushMaterial, compiling. 
[2018.03.03-11.47.49:144][  0]LogMaterial: Missing cached shader map for material BoneWeightMaterial, compiling. 
[2018.03.03-11.47.49:320][  0]LogMaterial: Missing cached shader map for material ClothMaterial, compiling. 
[2018.03.03-11.47.49:350][  0]LogMaterial: Missing cached shader map for material ClothMaterial_WF, compiling. 
[2018.03.03-11.47.49:395][  0]LogMaterial: Missing cached shader map for material DebugEditorMaterial, compiling. 
[2018.03.03-11.47.49:447][  0]LogMaterial: Missing cached shader map for material PreviewShadowIndicatorMaterial, compiling. 
[2018.03.03-11.47.50:520][  0]LogStats: UGameplayTagsManager::ConstructGameplayTagTree: Construct from data asset -  0.000 s
[2018.03.03-11.47.50:521][  0]LogStats: UGameplayTagsManager::ConstructGameplayTagTree: GameplayTagTreeChangedEvent.Broadcast -  0.000 s
[2018.03.03-11.47.51:013][  0]LogAIModule: Creating AISystem for world Untitled
[2018.03.03-11.47.51:052][  0]LogInit: XAudio2 using 'Speaker/Headphone (Realtek High Definition Audio)' : 2 channels at 48 kHz using 32 bits per sample (channel mask 0x3)
[2018.03.03-11.47.51:130][  0]LogInit: FAudioDevice initialized.
[2018.03.03-11.47.51:227][  0]LogDerivedDataCache: Saved boot cache 0.10s 69MB C:/Users/Zac Gilfoyle/AppData/Local/UnrealEngine/4.18/DerivedDataCache/Boot.ddc.
[2018.03.03-11.47.51:264][  0]LogInit: Texture streaming: Enabled
[2018.03.03-11.47.51:595][  0]LogEngineSessionManager: EngineSessionManager initialized
[2018.03.03-11.47.51:976][  0]LogInit: Transaction tracking system initialized
[2018.03.03-11.47.53:176][  0]BlueprintLog: New page: Editor Load
[2018.03.03-11.47.56:628][  0]LocalizationService: Localization service is disabled
[2018.03.03-11.47.58:977][  0]LogConsoleResponse: Display: 
[2018.03.03-11.47.59:077][  0]LogMaterial: Missing cached shader map for material Cross_Mat, compiling. 
[2018.03.03-11.47.59:137][  0]LogMaterial: Missing cached shader map for material PhAT_BoneSelectedMaterial, compiling. 
[2018.03.03-11.47.59:166][  0]LogMaterial: Missing cached shader map for material PhAT_ElemSelectedMaterial, compiling. 
[2018.03.03-11.47.59:196][  0]LogMaterial: Missing cached shader map for material PhAT_NoCollisionMaterial, compiling. 
[2018.03.03-11.47.59:231][  0]LogMaterial: Missing cached shader map for material PhAT_UnselectedMaterial, compiling. 
[2018.03.03-11.47.59:269][  0]LogMaterial: Missing cached shader map for material Tick_Mat, compiling. 
[2018.03.03-11.47.59:317][  0]LogMaterial: Missing cached shader map for material WidgetGridVertexColorMaterial_Ma, compiling. 
[2018.03.03-11.47.59:368][  0]LogMaterial: Missing cached shader map for material WidgetMaterial, compiling. 
[2018.03.03-11.47.59:399][  0]LogMaterial: Missing cached shader map for material WidgetMaterial_Current, compiling. 
[2018.03.03-11.47.59:427][  0]LogMaterial: Missing cached shader map for material WidgetMaterial_X, compiling. 
[2018.03.03-11.47.59:451][  0]LogMaterial: Missing cached shader map for material WidgetMaterial_Y, compiling. 
[2018.03.03-11.47.59:481][  0]LogMaterial: Missing cached shader map for material WidgetMaterial_Z, compiling. 
[2018.03.03-11.47.59:513][  0]LogMaterial: Missing cached shader map for material WidgetVertexColorMaterial, compiling. 
[2018.03.03-11.47.59:625][  0]LogMaterial: Missing cached shader map for material LevelGridMaterial, compiling. 
[2018.03.03-11.47.59:721][  0]LogMaterial: Missing cached shader map for material BlinkingCaret, compiling. 
[2018.03.03-11.47.59:822][  0]LogMaterial: Missing cached shader map for material M_StreamingPause, compiling. 
[2018.03.03-11.47.59:902][  0]LogCook: Display: Max memory allowance for cook 16384mb min free memory 0mb
[2018.03.03-11.47.59:903][  0]LogFileCache: Scanning file cache for directory 'C:/Users/Zac Gilfoyle/Documents/GitHub/SHOT_STUDIOS_MASTER/SHOT_STUDIOS_MASTER/Content/' took 0.02s
[2018.03.03-11.47.59:903][  0]LogCook: Display: Mobile HDR setting 1
[2018.03.03-11.47.59:904][  0]LogGameplayTags: Display: UGameplayTagsManager::DoneAddingNativeTags. DelegateIsBound: 0
[2018.03.03-11.48.04:072][  0]SourceControl: Source control is disabled
[2018.03.03-11.48.04:075][  0]Cmd: MAP LOAD FILE="../../../../../../Users/Zac Gilfoyle/Documents/GitHub/SHOT_STUDIOS_MASTER/SHOT_STUDIOS_MASTER/Content/TopDownBP/Maps/TopDownExampleMap.umap" TEMPLATE=0 SHOWPROGRESS=1 FEATURELEVEL=3
[2018.03.03-11.48.04:078][  0]LightingResults: New page: Lighting Build
[2018.03.03-11.48.04:248][  0]MapCheck: New page: Map Check
[2018.03.03-11.48.04:248][  0]LightingResults: New page: Lighting Build
[2018.03.03-11.48.04:949][  0]LogBlueprint: Warning: [Compiler Ue4ASP_Character] InputAction Event references unknown Action 'Crouch' for  InputAction Crouch
[2018.03.03-11.48.04:950][  0]LogBlueprint: Warning: [Compiler Ue4ASP_Character] InputAction Event references unknown Action 'Jump' for  InputAction Jump
[2018.03.03-11.48.04:951][  0]LogBlueprint: Warning: [Compiler Ue4ASP_Character] Input Axis Event references unknown Axis 'LookUp' for  InputAxis LookUp
[2018.03.03-11.48.04:951][  0]LogBlueprint: Warning: [Compiler Ue4ASP_Character] Input Axis Event references unknown Axis 'Turn' for  InputAxis Turn
[2018.03.03-11.48.04:994][  0]LogBlueprint: Warning: [Compiler Ue4ASP_Character] [0120.80] Compile of Ue4ASP_Character successful, but with 4 Warning(s) [in 191 ms] (/Game/AnimStarterPack/Ue4ASP_Character.Ue4ASP_Character)
[2018.03.03-11.48.05:521][  0]LogLinker: Warning: Can't find file '/Game/TopDownBP/Maps/TopDownExampleMap_BuiltData'
[2018.03.03-11.48.05:522][  0]LogLinker: Warning: Can't find file for asset '/Game/TopDownBP/Maps/TopDownExampleMap_BuiltData' while loading ../../../../../../Users/Zac Gilfoyle/Documents/GitHub/SHOT_STUDIOS_MASTER/SHOT_STUDIOS_MASTER/Content/TopDownBP/Maps/TopDownExampleMap.umap.
[2018.03.03-11.48.05:522][  0]LoadErrors: Error: /Game/TopDownBP/Maps/TopDownExampleMap : Can't find file for asset. /Game/TopDownBP/Maps/TopDownExampleMap_BuiltData
[2018.03.03-11.48.05:547][  0]LogLinker: Warning: Can't find file '/Game/TopDownBP/Maps/TopDownExampleMap_BuiltData'
[2018.03.03-11.48.05:547][  0]LogLinker: Warning: Can't find file for asset '/Game/TopDownBP/Maps/TopDownExampleMap_BuiltData' while loading ../../../../../../Users/Zac Gilfoyle/Documents/GitHub/SHOT_STUDIOS_MASTER/SHOT_STUDIOS_MASTER/Content/TopDownBP/Maps/TopDownExampleMap.umap.
[2018.03.03-11.48.05:547][  0]LoadErrors: Error: /Game/TopDownBP/Maps/TopDownExampleMap : Can't find file for asset. /Game/TopDownBP/Maps/TopDownExampleMap_BuiltData
[2018.03.03-11.48.05:556][  0]LogLinker: Warning: Can't find file '/Game/TopDownBP/Maps/TopDownExampleMap_BuiltData'
[2018.03.03-11.48.05:556][  0]LogLinker: Warning: Can't find file for asset '/Game/TopDownBP/Maps/TopDownExampleMap_BuiltData' while loading NULL.
[2018.03.03-11.48.05:556][  0]LogLinker: Warning: Can't find file '/Game/TopDownBP/Maps/TopDownExampleMap_BuiltData'
[2018.03.03-11.48.05:557][  0]LogLinker: Warning: Can't find file for asset '/Game/TopDownBP/Maps/TopDownExampleMap_BuiltData' while loading NULL.
[2018.03.03-11.48.05:649][  0]LogLinker: Warning: Can't find file '/Game/TopDownBP/Maps/TopDownExampleMap_BuiltData'
[2018.03.03-11.48.05:649][  0]LoadErrors: Failed to load /Game/TopDownBP/Maps/TopDownExampleMap_BuiltData.TopDownExampleMap_BuiltData Referenced by PersistentLevel
[2018.03.03-11.48.05:649][  0]LogLinker: Warning: Can't find file for asset '/Game/TopDownBP/Maps/TopDownExampleMap_BuiltData' while loading NULL.
[2018.03.03-11.48.05:649][  0]LoadErrors: Failed to load /Game/TopDownBP/Maps/TopDownExampleMap_BuiltData.TopDownExampleMap_BuiltData Referenced by PersistentLevel
[2018.03.03-11.48.05:721][  0]LogTexture: Display: Building textures: UE4_Mannequin_occlusion_Mobile (DXT1, 512X512)
[2018.03.03-11.48.05:721][  0]LogTexture: Display: Building textures: UE4_Mannequin_MAT_MASKA (AutoDXT, 1024X1024)
[2018.03.03-11.48.05:721][  0]LogTexture: Display: Building textures: T_ML_Rubber_Blue_01_D (DXT1, 512X512)
[2018.03.03-11.48.06:282][  0]LogTexture: Display: Building textures: T_ML_Rubber_Blue_01_N (BC5, 512X512)
[2018.03.03-11.48.06:282][  0]LogTexture: Display: Building textures: T_ML_Aluminum01_N (BC5, 512X512)
[2018.03.03-11.48.06:282][  0]LogTexture: Display: Building textures: T_ML_Aluminum01 (DXT1, 512X512)
[2018.03.03-11.48.06:282][  0]LogTexture: Display: Building textures: UE4Man_Logo_N (BC5, 512X512)
[2018.03.03-11.48.06:282][  0]LogTexture: Display: Building textures: UE4_Mannequin__normals (BC5, 2048X2048)
[2018.03.03-11.48.06:806][  0]LogMaterial: Missing cached shader map for material M_UE4Man_Body, compiling. 
[2018.03.03-11.48.07:153][  0]LogAnimationCompression: Building Anim DDC data for AnimSequence /Game/AnimStarterPack/Crouch_Idle_Rifle_Hip.Crouch_Idle_Rifle_Hip
[2018.03.03-11.48.07:154][  0]LogAnimationCompression: Recompressing (AnimSequence /Game/AnimStarterPack/Crouch_Idle_Rifle_Hip.Crouch_Idle_Rifle_Hip) using current/default (AnimCompress_BitwiseCompressOnly_2) bFirstRecompressUsingCurrentOrDefault(1) bTryAlternateCompressor(0) IsCompressedDataValid(0)
[2018.03.03-11.48.07:415][  0]LogMaterial: Missing cached shader map for material M_Sky_Panning_Clouds2, compiling. 
[2018.03.03-11.48.07:468][  0]LogMaterial: Missing cached shader map for material M_UE4Man_Body, compiling. 
[2018.03.03-11.48.07:951][  0]LogAnimationCompression: Building Anim DDC data for AnimSequence /Game/AnimStarterPack/Idle_Rifle_Hip.Idle_Rifle_Hip
[2018.03.03-11.48.07:951][  0]LogAnimationCompression: Recompressing (AnimSequence /Game/AnimStarterPack/Idle_Rifle_Hip.Idle_Rifle_Hip) using current/default (AnimCompress_BitwiseCompressOnly_30) bFirstRecompressUsingCurrentOrDefault(1) bTryAlternateCompressor(0) IsCompressedDataValid(0)
[2018.03.03-11.48.07:957][  0]LogAnimationCompression: Building Anim DDC data for AnimSequence /Game/AnimStarterPack/Jump_From_Jog.Jump_From_Jog
[2018.03.03-11.48.07:958][  0]LogAnimationCompression: Recompressing (AnimSequence /Game/AnimStarterPack/Jump_From_Jog.Jump_From_Jog) using current/default (AnimCompress_BitwiseCompressOnly_38) bFirstRecompressUsingCurrentOrDefault(1) bTryAlternateCompressor(0) IsCompressedDataValid(0)
[2018.03.03-11.48.07:960][  0]LogAnimationCompression: Building Anim DDC data for AnimSequence /Game/AnimStarterPack/Jump_From_Stand.Jump_From_Stand
[2018.03.03-11.48.07:960][  0]LogAnimationCompression: Recompressing (AnimSequence /Game/AnimStarterPack/Jump_From_Stand.Jump_From_Stand) using current/default (AnimCompress_BitwiseCompressOnly_39) bFirstRecompressUsingCurrentOrDefault(1) bTryAlternateCompressor(0) IsCompressedDataValid(0)
[2018.03.03-11.48.07:964][  0]LogAnimationCompression: Building Anim DDC data for AnimSequence /Game/AnimStarterPack/Crouch_Walk_Bwd_Rifle_Hip.Crouch_Walk_Bwd_Rifle_Hip
[2018.03.03-11.48.07:965][  0]LogAnimationCompression: Recompressing (AnimSequence /Game/AnimStarterPack/Crouch_Walk_Bwd_Rifle_Hip.Crouch_Walk_Bwd_Rifle_Hip) using current/default (AnimCompress_BitwiseCompressOnly_6) bFirstRecompressUsingCurrentOrDefault(1) bTryAlternateCompressor(0) IsCompressedDataValid(0)
[2018.03.03-11.48.07:968][  0]LogAnimationCompression: Building Anim DDC data for AnimSequence /Game/AnimStarterPack/Crouch_Walk_Lt_Rifle_Hip.Crouch_Walk_Lt_Rifle_Hip
[2018.03.03-11.48.07:969][  0]LogAnimationCompression: Recompressing (AnimSequence /Game/AnimStarterPack/Crouch_Walk_Lt_Rifle_Hip.Crouch_Walk_Lt_Rifle_Hip) using current/default (AnimCompress_BitwiseCompressOnly_10) bFirstRecompressUsingCurrentOrDefault(1) bTryAlternateCompressor(0) IsCompressedDataValid(0)
[2018.03.03-11.48.07:971][  0]LogAnimationCompression: Building Anim DDC data for AnimSequence /Game/AnimStarterPack/Crouch_Walk_Fwd_Rifle_Hip.Crouch_Walk_Fwd_Rifle_Hip
[2018.03.03-11.48.07:971][  0]LogAnimationCompression: Recompressing (AnimSequence /Game/AnimStarterPack/Crouch_Walk_Fwd_Rifle_Hip.Crouch_Walk_Fwd_Rifle_Hip) using current/default (AnimCompress_BitwiseCompressOnly_8) bFirstRecompressUsingCurrentOrDefault(1) bTryAlternateCompressor(0) IsCompressedDataValid(0)
[2018.03.03-11.48.07:979][  0]LogAnimationCompression: Building Anim DDC data for AnimSequence /Game/AnimStarterPack/Crouch_Walk_Rt_Rifle_Hip.Crouch_Walk_Rt_Rifle_Hip
[2018.03.03-11.48.07:981][  0]LogAnimationCompression: Recompressing (AnimSequence /Game/AnimStarterPack/Crouch_Walk_Rt_Rifle_Hip.Crouch_Walk_Rt_Rifle_Hip) using current/default (AnimCompress_BitwiseCompressOnly_12) bFirstRecompressUsingCurrentOrDefault(1) bTryAlternateCompressor(0) IsCompressedDataValid(0)
[2018.03.03-11.48.07:986][  0]LogAnimationCompression: Building Anim DDC data for AnimSequence /Game/AnimStarterPack/Jog_Lt_Rifle.Jog_Lt_Rifle
[2018.03.03-11.48.07:987][  0]LogAnimationCompression: Recompressing (AnimSequence /Game/AnimStarterPack/Jog_Lt_Rifle.Jog_Lt_Rifle) using current/default (AnimCompress_BitwiseCompressOnly_0) bFirstRecompressUsingCurrentOrDefault(1) bTryAlternateCompressor(0) IsCompressedDataValid(0)
[2018.03.03-11.48.07:989][  0]LogAnimationCompression: Building Anim DDC data for AnimSequence /Game/AnimStarterPack/Jog_Fwd_Rifle.Jog_Fwd_Rifle
[2018.03.03-11.48.07:989][  0]LogAnimationCompression: Recompressing (AnimSequence /Game/AnimStarterPack/Jog_Fwd_Rifle.Jog_Fwd_Rifle) using current/default (AnimCompress_BitwiseCompressOnly_35) bFirstRecompressUsingCurrentOrDefault(1) bTryAlternateCompressor(0) IsCompressedDataValid(0)
[2018.03.03-11.48.08:017][  0]LogAnimationCompression: Building Anim DDC data for AnimSequence /Game/AnimStarterPack/Jog_Rt_Rifle.Jog_Rt_Rifle
[2018.03.03-11.48.08:017][  0]LogAnimationCompression: Recompressing (AnimSequence /Game/AnimStarterPack/Jog_Rt_Rifle.Jog_Rt_Rifle) using current/default (AnimCompress_BitwiseCompressOnly_37) bFirstRecompressUsingCurrentOrDefault(1) bTryAlternateCompressor(0) IsCompressedDataValid(0)
[2018.03.03-11.48.08:019][  0]LogAnimationCompression: Building Anim DDC data for AnimSequence /Game/AnimStarterPack/Jog_Bwd_Rifle.Jog_Bwd_Rifle
[2018.03.03-11.48.08:019][  0]LogAnimationCompression: Recompressing (AnimSequence /Game/AnimStarterPack/Jog_Bwd_Rifle.Jog_Bwd_Rifle) using current/default (AnimCompress_BitwiseCompressOnly_34) bFirstRecompressUsingCurrentOrDefault(1) bTryAlternateCompressor(0) IsCompressedDataValid(0)
[2018.03.03-11.48.08:055][  0]LogMaterial: Missing cached shader map for material BasicShapeMaterial, compiling. 
[2018.03.03-11.48.08:198][  0]LogMaterial: Missing cached shader map for material CubeMaterial, compiling. 
[2018.03.03-11.48.08:272][  0]LogAIModule: Creating AISystem for world TopDownExampleMap
[2018.03.03-11.48.08:728][  0]LogEditorServer: Finished looking for orphan Actors (0.000 secs)
[2018.03.03-11.48.08:777][  0]Cmd: MAP CHECKDEP NOCLEARLOG
[2018.03.03-11.48.08:986][  0]MapCheck: Map check complete: 0 Error(s), 0 Warning(s), took 209.355ms to complete.
[2018.03.03-11.48.08:986][  0]LogFileHelpers: Loading map 'TopDownExampleMap' took 4.913
[2018.03.03-11.48.09:103][  0]LogWindowsTextInputMethodSystem: Display: IME system now deactivated.
[2018.03.03-11.48.09:501][  0]LogCollectionManager: Loaded 0 collections in 0.004754 seconds
[2018.03.03-11.48.09:741][  0]LogFileCache: Scanning file cache for directory 'C:/Users/Zac Gilfoyle/Documents/GitHub/SHOT_STUDIOS_MASTER/SHOT_STUDIOS_MASTER/Saved/Collections/' took 0.01s
[2018.03.03-11.48.09:741][  0]LogFileCache: Scanning file cache for directory 'C:/Users/Zac Gilfoyle/Documents/GitHub/SHOT_STUDIOS_MASTER/SHOT_STUDIOS_MASTER/Content/Developers/ZacGilfoyle/Collections/' took 0.01s
[2018.03.03-11.48.09:741][  0]LogFileCache: Scanning file cache for directory 'C:/Users/Zac Gilfoyle/Documents/GitHub/SHOT_STUDIOS_MASTER/SHOT_STUDIOS_MASTER/Content/Collections/' took 0.01s
[2018.03.03-11.48.09:741][  0]LogCollectionManager: Rebuilt the GUID cache for 0 collections in 0.000001 seconds
[2018.03.03-11.48.09:763][  0]LogContentBrowser: Native class hierarchy populated in 0.0200 seconds. Added 2363 classes and 519 folders.
[2018.03.03-11.48.10:049][  0]LogContentBrowser: Native class hierarchy updated for 'WidgetCarousel' in 0.0011 seconds. Added 0 classes and 0 folders.
[2018.03.03-11.48.10:995][  0]LogContentBrowser: Native class hierarchy updated for 'AddContentDialog' in 0.0006 seconds. Added 0 classes and 0 folders.
[2018.03.03-11.48.11:203][  0]LogContentBrowser: Native class hierarchy updated for 'SceneOutliner' in 0.0006 seconds. Added 1 classes and 2 folders.
[2018.03.03-11.48.11:330][  0]LogSlate: Took 0.020245 seconds to synchronously load lazily loaded font '../../../Engine/Content/Slate/Fonts/Roboto-Regular.ttf' (155K)
[2018.03.03-11.48.11:343][  0]LogSlate: Took 0.008943 seconds to synchronously load lazily loaded font '../../../Engine/Content/Slate/Fonts/Roboto-Bold.ttf' (160K)
[2018.03.03-11.48.11:368][  0]LogSlate: Took 0.010690 seconds to synchronously load lazily loaded font '../../../Engine/Content/Editor/Slate/Fonts/FontAwesome.ttf' (139K)
[2018.03.03-11.48.11:617][  0]LogMaterial: Missing cached shader map for material LevelGridMaterial2, compiling. 
[2018.03.03-11.48.11:778][  0]LogRenderer: Reallocating scene render targets to support 964x436 Format 10 NumSamples 1 (Frame:1).
[2018.03.03-11.48.13:164][  0]LogContentBrowser: Native class hierarchy updated for 'HierarchicalLODOutliner' in 0.0005 seconds. Added 1 classes and 2 folders.
[2018.03.03-11.48.13:164][  0]LogLoad: (Engine Initialization) Total time: 128.97 seconds
[2018.03.03-11.48.13:164][  0]LogLoad: (Engine Initialization) Total Blueprint compile time: 0.00 seconds
[2018.03.03-11.48.13:164][  0]LogExternalProfiler: No external profilers were discovered.  External profiling features will not be available.
[2018.03.03-11.48.13:208][  0]LogContentStreaming: Texture pool size now 1000 MB
[2018.03.03-11.48.13:402][  0]LogSlate: Took 0.015094 seconds to synchronously load lazily loaded font '../../../Engine/Content/Slate/Fonts/Roboto-Light.ttf' (159K)
[2018.03.03-11.48.13:772][  3]LogAssetRegistry: Asset discovery search completed in 53.0468 seconds
[2018.03.03-11.48.13:777][  3]LogCollectionManager: Rebuilt the object cache for 0 collections in 0.000001 seconds (found 0 objects)
[2018.03.03-11.48.13:777][  3]LogCollectionManager: Fixed up redirectors for 0 collections in 0.000159 seconds (updated 0 objects)
[2018.03.03-11.48.14:279][ 17]LogSlate: Took 0.000369 seconds to synchronously load lazily loaded font '../../../Engine/Content/Slate/Fonts/Roboto-Light.ttf' (159K)
[2018.03.03-11.48.19:019][193]LogTemp: Repeating last play command: Selected Viewport
[2018.03.03-11.48.19:572][193]LogBlueprintUserMessages: Early PlayInEditor Detection: Level '/Game/TopDownBP/Maps/TopDownExampleMap.TopDownExampleMap:PersistentLevel' has LevelScriptBlueprint '/Game/TopDownBP/Maps/TopDownExampleMap.TopDownExampleMap:PersistentLevel.TopDownExampleMap' with GeneratedClass '/Game/TopDownBP/Maps/TopDownExampleMap.TopDownExampleMap_C' with ClassGeneratedBy '/Game/TopDownBP/Maps/TopDownExampleMap.TopDownExampleMap:PersistentLevel.TopDownExampleMap'
[2018.03.03-11.48.19:573][193]LogPlayLevel: PlayLevel: No blueprints needed recompiling
[2018.03.03-11.48.19:581][193]PIE: New page: PIE session: TopDownExampleMap (4 Mar 2018 9:48:19 am)
[2018.03.03-11.48.19:581][193]LogPlayLevel: Creating play world package: /Game/TopDownBP/Maps/UEDPIE_0_TopDownExampleMap
[2018.03.03-11.48.19:654][193]LogPlayLevel: PIE: StaticDuplicateObject took: (0.073347s)
[2018.03.03-11.48.19:657][193]LogAIModule: Creating AISystem for world TopDownExampleMap
[2018.03.03-11.48.19:658][193]LogPlayLevel: PIE: World Init took: (0.003606s)
[2018.03.03-11.48.19:658][193]LogPlayLevel: PIE: Created PIE world by copying editor world from /Game/TopDownBP/Maps/TopDownExampleMap.TopDownExampleMap to /Game/TopDownBP/Maps/UEDPIE_0_TopDownExampleMap.TopDownExampleMap (0.077721s)
[2018.03.03-11.48.19:683][193]LogInit: XAudio2 using 'Speaker/Headphone (Realtek High Definition Audio)' : 2 channels at 48 kHz using 32 bits per sample (channel mask 0x3)
[2018.03.03-11.48.19:731][193]LogInit: FAudioDevice initialized.
[2018.03.03-11.48.19:794][193]LogLoad: Game class is 'TopDownGameMode_C'
[2018.03.03-11.48.19:804][193]LogWorld: Bringing World /Game/TopDownBP/Maps/UEDPIE_0_TopDownExampleMap.TopDownExampleMap up for play (max tick rate 0) at 2018.03.03-22.48.19
[2018.03.03-11.48.19:814][193]LogWorld: Bringing up level for play took: 0.015894
[2018.03.03-11.48.19:957][193]LogContentBrowser: Native class hierarchy updated for 'MovieSceneCapture' in 0.0005 seconds. Added 11 classes and 0 folders.
[2018.03.03-11.48.19:967][193]PIE: Play in editor start time for /Game/TopDownBP/Maps/UEDPIE_0_TopDownExampleMap 1.206
[2018.03.03-11.48.19:967][193]LogBlueprintUserMessages: Late PlayInEditor Detection: Level '/Game/TopDownBP/Maps/TopDownExampleMap.TopDownExampleMap:PersistentLevel' has LevelScriptBlueprint '/Game/TopDownBP/Maps/TopDownExampleMap.TopDownExampleMap:PersistentLevel.TopDownExampleMap' with GeneratedClass '/Game/TopDownBP/Maps/TopDownExampleMap.TopDownExampleMap_C' with ClassGeneratedBy '/Game/TopDownBP/Maps/TopDownExampleMap.TopDownExampleMap:PersistentLevel.TopDownExampleMap'
[2018.03.03-11.48.32:087][698]LogBlueprintUserMessages: Early EndPlayMap Detection: Level '/Game/TopDownBP/Maps/TopDownExampleMap.TopDownExampleMap:PersistentLevel' has LevelScriptBlueprint '/Game/TopDownBP/Maps/TopDownExampleMap.TopDownExampleMap:PersistentLevel.TopDownExampleMap' with GeneratedClass '/Game/TopDownBP/Maps/TopDownExampleMap.TopDownExampleMap_C' with ClassGeneratedBy '/Game/TopDownBP/Maps/TopDownExampleMap.TopDownExampleMap:PersistentLevel.TopDownExampleMap'
[2018.03.03-11.48.32:154][698]LogBlueprintUserMessages: Late EndPlayMap Detection: Level '/Game/TopDownBP/Maps/TopDownExampleMap.TopDownExampleMap:PersistentLevel' has LevelScriptBlueprint '/Game/TopDownBP/Maps/TopDownExampleMap.TopDownExampleMap:PersistentLevel.TopDownExampleMap' with GeneratedClass '/Game/TopDownBP/Maps/TopDownExampleMap.TopDownExampleMap_C' with ClassGeneratedBy '/Game/TopDownBP/Maps/TopDownExampleMap.TopDownExampleMap:PersistentLevel.TopDownExampleMap'
[2018.03.03-11.48.36:427][853]MapCheck: New page: Map Check
[2018.03.03-11.48.36:472][853]LightingResults: New page: Lighting Build - 4 Mar 2018 9:48:36 am
[2018.03.03-11.48.36:885][853]LogSwarmInterface: [OpenConnection] Registering TCP channel ...
[2018.03.03-11.48.37:309][853]LogSwarmInterface: [OpenConnection] Connecting to agent ...
[2018.03.03-11.48.37:396][853]LogSwarmInterface: [TryOpenConnection] Testing the Agent
[2018.03.03-11.48.38:640][853]LogSwarmInterface: [TryOpenConnection] Opening Connection to Agent
[2018.03.03-11.48.38:640][853]LogSwarmInterface: [TryOpenConnection] Local Process ID is 20808
[2018.03.03-11.48.42:301][853]LogStaticLightingSystem: Running Lightmass w/ ImmediateImport mode ENABLED
[2018.03.03-11.48.42:302][853]LogStaticLightingSystem: Running Lightmass w/ ImmediateProcess mode ENABLED
[2018.03.03-11.48.42:302][853]LogStaticLightingSystem: Running Lightmass w/ Sorting mode ENABLED
[2018.03.03-11.48.42:302][853]LogStaticLightingSystem: Running Lightmass w/ Mapping paddings ENABLED
[2018.03.03-11.48.42:302][853]LogStaticLightingSystem: Running Lightmass w/ Mapping debug paddings DISABLED
[2018.03.03-11.48.42:803][853]LogEditorBuildUtils: Build time 0:06
[2018.03.03-11.48.42:843][853]LogMaterial: Missing cached shader map for material FLightmassMaterialRenderer MaterialInstanceDynamic_0, compiling. 
[2018.03.03-11.48.42:861][853]LogMaterial: Missing cached shader map for material FLightmassMaterialRenderer MaterialInstanceDynamic_0, compiling. 
[2018.03.03-11.48.42:943][854]LogMaterial: Missing cached shader map for material FLightmassMaterialRenderer CubeMaterial, compiling. 
[2018.03.03-11.48.42:962][854]LogMaterial: Missing cached shader map for material FLightmassMaterialRenderer CubeMaterial, compiling. 
[2018.03.03-11.48.43:030][855]LogMaterial: Missing cached shader map for material FLightmassMaterialRenderer WorldGridMaterial, compiling. Is special engine material.
[2018.03.03-11.48.43:086][855]LogMaterial: Missing cached shader map for material FLightmassMaterialRenderer WorldGridMaterial, compiling. Is special engine material.
