Log file open, 03/04/18 12:25:25
LogWindows: Failed to load 'aqProf.dll' (GetLastError=126)
LogWindows: File 'aqProf.dll' does not exist
LogWindows: Failed to load 'VSPerf140.dll' (GetLastError=126)
LogWindows: File 'VSPerf140.dll' does not exist
LogWindows: Failed to load 'VtuneApi.dll' (GetLastError=126)
LogWindows: File 'VtuneApi.dll' does not exist
LogWindows: Failed to load 'VtuneApi32e.dll' (GetLastError=126)
LogWindows: File 'VtuneApi32e.dll' does not exist
LogInit: Display: Running engine for game: SHOT_STUDIOS_MASTER
LogPlatformFile: Not using cached read wrapper
LogInit: Display: RandInit(-776635335) SRandInit(-776635335).
LogInit: Read version file with build ID '3709383'
LogInit: Overriding engine version to CL 3832480, compatible CL 3709383
LogInit: Registered custom module enumerator with build ID '3709383'
LogTaskGraph: Started task graph with 5 named threads and 14 total threads with 3 sets of task threads.
LogStats: Stats thread started at 0.535666
LogD3D11RHI: Aftermath initialized
LogModuleManager: Display: Found up-to-date module file ../../../Engine/Plugins/2D/Paper2D/Binaries/Win64/UE4Editor-Paper2D.dll (API version 3709383).
LogModuleManager: Display: Found up-to-date module file ../../../Engine/Plugins/2D/Paper2D/Binaries/Win64/UE4Editor-Paper2DEditor.dll (API version 3709383).
LogModuleManager: Display: Found up-to-date module file ../../../Engine/Plugins/2D/Paper2D/Binaries/Win64/UE4Editor-PaperSpriteSheetImporter.dll (API version 3709383).
LogModuleManager: Display: Found up-to-date module file ../../../Engine/Plugins/2D/Paper2D/Binaries/Win64/UE4Editor-PaperTiledImporter.dll (API version 3709383).
LogModuleManager: Display: Found up-to-date module file ../../../Engine/Plugins/2D/Paper2D/Binaries/Win64/UE4Editor-SmartSnapping.dll (API version 3709383).
LogModuleManager: Display: Found up-to-date module file ../../../Engine/Plugins/Blendables/LightPropagationVolume/Binaries/Win64/UE4Editor-LightPropagationVolumeRuntime.dll (API version 3709383).
LogModuleManager: Display: Found up-to-date module file ../../../Engine/Plugins/Blendables/LightPropagationVolume/Binaries/Win64/UE4Editor-LightPropagationVolumeEditor.dll (API version 3709383).
LogModuleManager: Display: Found up-to-date module file ../../../Engine/Plugins/Developer/GitSourceControl/Binaries/Win64/UE4Editor-GitSourceControl.dll (API version 3709383).
LogModuleManager: Display: Found up-to-date module file ../../../Engine/Plugins/Developer/PerforceSourceControl/Binaries/Win64/UE4Editor-PerforceSourceControl.dll (API version 3709383).
LogModuleManager: Display: Found up-to-date module file ../../../Engine/Plugins/Developer/SubversionSourceControl/Binaries/Win64/UE4Editor-SubversionSourceControl.dll (API version 3709383).
LogModuleManager: Display: Found up-to-date module file ../../../Engine/Plugins/Developer/UObjectPlugin/Binaries/Win64/UE4Editor-UObjectPlugin.dll (API version 3709383).
LogModuleManager: Display: Found up-to-date module file ../../../Engine/Plugins/Developer/VisualStudioCodeSourceCodeAccess/Binaries/Win64/UE4Editor-VisualStudioCodeSourceCodeAccess.dll (API version 3709383).
LogModuleManager: Display: Found up-to-date module file ../../../Engine/Plugins/Developer/VisualStudioSourceCodeAccess/Binaries/Win64/UE4Editor-VisualStudioSourceCodeAccess.dll (API version 3709383).
LogModuleManager: Display: Found up-to-date module file ../../../Engine/Plugins/Editor/AssetManagerEditor/Binaries/Win64/UE4Editor-AssetManagerEditor.dll (API version 3709383).
LogModuleManager: Display: Found up-to-date module file ../../../Engine/Plugins/Editor/AudioCapture/Binaries/Win64/UE4Editor-AudioCapture.dll (API version 3709383).
LogModuleManager: Display: Found up-to-date module file ../../../Engine/Plugins/Editor/FacialAnimation/Binaries/Win64/UE4Editor-FacialAnimation.dll (API version 3709383).
LogModuleManager: Display: Found up-to-date module file ../../../Engine/Plugins/Editor/FacialAnimation/Binaries/Win64/UE4Editor-FacialAnimationEditor.dll (API version 3709383).
LogModuleManager: Display: Found up-to-date module file ../../../Engine/Plugins/Editor/GameplayTagsEditor/Binaries/Win64/UE4Editor-GameplayTagsEditor.dll (API version 3709383).
LogModuleManager: Display: Found up-to-date module file ../../../Engine/Plugins/Editor/MobileLauncherProfileWizard/Binaries/Win64/UE4Editor-MobileLauncherProfileWizard.dll (API version 3709383).
LogModuleManager: Display: Found up-to-date module file ../../../Engine/Plugins/Editor/PluginBrowser/Binaries/Win64/UE4Editor-PluginBrowser.dll (API version 3709383).
LogModuleManager: Display: Found up-to-date module file ../../../Engine/Plugins/Editor/SpeedTreeImporter/Binaries/Win64/UE4Editor-SpeedTreeImporter.dll (API version 3709383).
LogModuleManager: Display: Found up-to-date module file ../../../Engine/Plugins/Experimental/AlembicImporter/Binaries/Win64/UE4Editor-AlembicImporter.dll (API version 3709383).
LogModuleManager: Display: Found up-to-date module file ../../../Engine/Plugins/Experimental/AlembicImporter/Binaries/Win64/UE4Editor-AlembicLibrary.dll (API version 3709383).
LogModuleManager: Display: Found up-to-date module file ../../../Engine/Plugins/Experimental/CharacterAI/Binaries/Win64/UE4Editor-CharacterAI.dll (API version 3709383).
LogModuleManager: Display: Found up-to-date module file ../../../Engine/Plugins/Experimental/HTML5Networking/Binaries/Win64/UE4Editor-HTML5Networking.dll (API version 3709383).
LogModuleManager: Display: Found up-to-date module file ../../../Engine/Plugins/Media/AndroidMedia/Binaries/Win64/UE4Editor-AndroidMediaEditor.dll (API version 3709383).
LogModuleManager: Display: Found up-to-date module file ../../../Engine/Plugins/Media/AndroidMedia/Binaries/Win64/UE4Editor-AndroidMediaFactory.dll (API version 3709383).
LogModuleManager: Display: Found up-to-date module file ../../../Engine/Plugins/Media/AvfMedia/Binaries/Win64/UE4Editor-AvfMediaEditor.dll (API version 3709383).
LogModuleManager: Display: Found up-to-date module file ../../../Engine/Plugins/Media/AvfMedia/Binaries/Win64/UE4Editor-AvfMediaFactory.dll (API version 3709383).
LogModuleManager: Display: Found up-to-date module file ../../../Engine/Plugins/Media/AvfMedia/Binaries/Win64/UE4Editor-AvfMediaFactory.dll (API version 3709383).
LogModuleManager: Display: Found up-to-date module file ../../../Engine/Plugins/Media/ImgMedia/Binaries/Win64/UE4Editor-ImgMedia.dll (API version 3709383).
LogModuleManager: Display: Found up-to-date module file ../../../Engine/Plugins/Media/ImgMedia/Binaries/Win64/UE4Editor-ImgMediaEditor.dll (API version 3709383).
LogModuleManager: Display: Found up-to-date module file ../../../Engine/Plugins/Media/ImgMedia/Binaries/Win64/UE4Editor-ImgMediaFactory.dll (API version 3709383).
LogModuleManager: Display: Found up-to-date module file ../../../Engine/Plugins/Media/ImgMedia/Binaries/Win64/UE4Editor-ImgMediaFactory.dll (API version 3709383).
LogModuleManager: Display: Found up-to-date module file ../../../Engine/Plugins/Media/ImgMedia/Binaries/Win64/UE4Editor-OpenExrWrapper.dll (API version 3709383).
LogModuleManager: Display: Found up-to-date module file ../../../Engine/Plugins/Media/MediaCompositing/Binaries/Win64/UE4Editor-MediaCompositing.dll (API version 3709383).
LogModuleManager: Display: Found up-to-date module file ../../../Engine/Plugins/Media/MediaCompositing/Binaries/Win64/UE4Editor-MediaCompositingEditor.dll (API version 3709383).
LogModuleManager: Display: Found up-to-date module file ../../../Engine/Plugins/Media/MediaPlayerEditor/Binaries/Win64/UE4Editor-MediaPlayerEditor.dll (API version 3709383).
LogModuleManager: Display: Found up-to-date module file ../../../Engine/Plugins/Media/WmfMedia/Binaries/Win64/UE4Editor-WmfMedia.dll (API version 3709383).
LogModuleManager: Display: Found up-to-date module file ../../../Engine/Plugins/Media/WmfMedia/Binaries/Win64/UE4Editor-WmfMediaEditor.dll (API version 3709383).
LogModuleManager: Display: Found up-to-date module file ../../../Engine/Plugins/Media/WmfMedia/Binaries/Win64/UE4Editor-WmfMediaFactory.dll (API version 3709383).
LogModuleManager: Display: Found up-to-date module file ../../../Engine/Plugins/Media/WmfMedia/Binaries/Win64/UE4Editor-WmfMediaFactory.dll (API version 3709383).
LogModuleManager: Display: Found up-to-date module file ../../../Engine/Plugins/Messaging/TcpMessaging/Binaries/Win64/UE4Editor-TcpMessaging.dll (API version 3709383).
LogModuleManager: Display: Found up-to-date module file ../../../Engine/Plugins/Messaging/UdpMessaging/Binaries/Win64/UE4Editor-UdpMessaging.dll (API version 3709383).
LogModuleManager: Display: Found up-to-date module file ../../../Engine/Plugins/MovieScene/ActorSequence/Binaries/Win64/UE4Editor-ActorSequence.dll (API version 3709383).
LogModuleManager: Display: Found up-to-date module file ../../../Engine/Plugins/MovieScene/LevelSequenceEditor/Binaries/Win64/UE4Editor-LevelSequenceEditor.dll (API version 3709383).
LogModuleManager: Display: Found up-to-date module file ../../../Engine/Plugins/MovieScene/MatineeToLevelSequence/Binaries/Win64/UE4Editor-MatineeToLevelSequence.dll (API version 3709383).
LogModuleManager: Display: Found up-to-date module file ../../../Engine/Plugins/Online/OnlineSubsystem/Binaries/Win64/UE4Editor-OnlineSubsystem.dll (API version 3709383).
LogModuleManager: Display: Found up-to-date module file ../../../Engine/Plugins/Runtime/AndroidPermission/Binaries/Win64/UE4Editor-AndroidPermission.dll (API version 3709383).
LogModuleManager: Display: Found up-to-date module file ../../../Engine/Plugins/Online/OnlineSubsystemNull/Binaries/Win64/UE4Editor-OnlineSubsystemNull.dll (API version 3709383).
LogModuleManager: Display: Found up-to-date module file ../../../Engine/Plugins/Online/OnlineSubsystemUtils/Binaries/Win64/UE4Editor-OnlineSubsystemUtils.dll (API version 3709383).
LogModuleManager: Display: Found up-to-date module file ../../../Engine/Plugins/Online/OnlineSubsystemUtils/Binaries/Win64/UE4Editor-OnlineBlueprintSupport.dll (API version 3709383).
LogModuleManager: Display: Found up-to-date module file ../../../Engine/Plugins/Runtime/AndroidDeviceProfileSelector/Binaries/Win64/UE4Editor-AndroidDeviceProfileSelector.dll (API version 3709383).
LogModuleManager: Display: Found up-to-date module file ../../../Engine/Plugins/Runtime/AppleARKit/Binaries/Win64/UE4Editor-AppleARKit.dll (API version 3709383).
LogModuleManager: Display: Found up-to-date module file ../../../Engine/Plugins/Runtime/ArchVisCharacter/Binaries/Win64/UE4Editor-ArchVisCharacter.dll (API version 3709383).
LogModuleManager: Display: Found up-to-date module file ../../../Engine/Plugins/Runtime/CableComponent/Binaries/Win64/UE4Editor-CableComponent.dll (API version 3709383).
LogModuleManager: Display: Found up-to-date module file ../../../Engine/Plugins/Runtime/CustomMeshComponent/Binaries/Win64/UE4Editor-CustomMeshComponent.dll (API version 3709383).
LogModuleManager: Display: Found up-to-date module file ../../../Engine/Plugins/Runtime/ExampleDeviceProfileSelector/Binaries/Win64/UE4Editor-ExampleDeviceProfileSelector.dll (API version 3709383).
LogModuleManager: Display: Found up-to-date module file ../../../Engine/Plugins/Runtime/ImmediatePhysics/Binaries/Win64/UE4Editor-ImmediatePhysics.dll (API version 3709383).
LogModuleManager: Display: Found up-to-date module file ../../../Engine/Plugins/Runtime/ImmediatePhysics/Binaries/Win64/UE4Editor-ImmediatePhysicsEditor.dll (API version 3709383).
LogModuleManager: Display: Found up-to-date module file ../../../Engine/Plugins/Runtime/LocationServicesBPLibrary/Binaries/Win64/UE4Editor-LocationServicesBPLibrary.dll (API version 3709383).
LogModuleManager: Display: Found up-to-date module file ../../../Engine/Plugins/Runtime/MobilePatchingUtils/Binaries/Win64/UE4Editor-MobilePatchingUtils.dll (API version 3709383).
LogModuleManager: Display: Found up-to-date module file ../../../Engine/Plugins/Runtime/Oculus/OculusVR/Binaries/Win64/UE4Editor-OculusHMD.dll (API version 3709383).
LogModuleManager: Display: Found up-to-date module file ../../../Engine/Plugins/Runtime/Oculus/OculusVR/Binaries/Win64/UE4Editor-OculusInput.dll (API version 3709383).
LogModuleManager: Display: Found up-to-date module file ../../../Engine/Plugins/Runtime/Oculus/OculusVR/Binaries/Win64/UE4Editor-OculusEditor.dll (API version 3709383).
LogModuleManager: Display: Found up-to-date module file ../../../Engine/Plugins/Runtime/PhysXVehicles/Binaries/Win64/UE4Editor-PhysXVehicles.dll (API version 3709383).
LogModuleManager: Display: Found up-to-date module file ../../../Engine/Plugins/Runtime/PhysXVehicles/Binaries/Win64/UE4Editor-PhysXVehiclesEditor.dll (API version 3709383).
LogModuleManager: Display: Found up-to-date module file ../../../Engine/Plugins/Runtime/ProceduralMeshComponent/Binaries/Win64/UE4Editor-ProceduralMeshComponent.dll (API version 3709383).
LogModuleManager: Display: Found up-to-date module file ../../../Engine/Plugins/Runtime/ProceduralMeshComponent/Binaries/Win64/UE4Editor-ProceduralMeshComponentEditor.dll (API version 3709383).
LogModuleManager: Display: Found up-to-date module file ../../../Engine/Plugins/Runtime/RuntimePhysXCooking/Binaries/Win64/UE4Editor-RuntimePhysXCooking.dll (API version 3709383).
LogModuleManager: Display: Found up-to-date module file ../../../Engine/Plugins/Runtime/Steam/SteamVR/Binaries/Win64/UE4Editor-SteamVR.dll (API version 3709383).
LogModuleManager: Display: Found up-to-date module file ../../../Engine/Plugins/Runtime/Steam/SteamVR/Binaries/Win64/UE4Editor-SteamVRController.dll (API version 3709383).
LogModuleManager: Display: Found up-to-date module file ../../../Engine/Plugins/Runtime/WindowsMoviePlayer/Binaries/Win64/UE4Editor-WindowsMoviePlayer.dll (API version 3709383).
LogPluginManager: Mounting plugin Paper2D
LogPluginManager: Mounting plugin LightPropagationVolume
LogPluginManager: Mounting plugin CodeLiteSourceCodeAccess
LogPluginManager: Mounting plugin GitSourceControl
LogPluginManager: Mounting plugin KDevelopSourceCodeAccess
LogPluginManager: Mounting plugin NullSourceCodeAccess
LogPluginManager: Mounting plugin PerforceSourceControl
LogPluginManager: Mounting plugin SubversionSourceControl
LogPluginManager: Mounting plugin UObjectPlugin
LogPluginManager: Mounting plugin VisualStudioCodeSourceCodeAccess
LogPluginManager: Mounting plugin VisualStudioSourceCodeAccess
LogPluginManager: Mounting plugin XCodeSourceCodeAccess
LogPluginManager: Mounting plugin AssetManagerEditor
LogPluginManager: Mounting plugin AudioCapture
LogPluginManager: Mounting plugin FacialAnimation
LogPluginManager: Mounting plugin GameplayTagsEditor
LogPluginManager: Mounting plugin MobileLauncherProfileWizard
LogPluginManager: Mounting plugin PluginBrowser
LogPluginManager: Mounting plugin SpeedTreeImporter
LogPluginManager: Mounting plugin AlembicImporter
LogPluginManager: Mounting plugin CharacterAI
LogPluginManager: Mounting plugin HTML5Networking
LogPluginManager: Mounting plugin AndroidMedia
LogPluginManager: Mounting plugin AvfMedia
LogPluginManager: Mounting plugin ImgMedia
LogPluginManager: Mounting plugin MediaCompositing
LogPluginManager: Mounting plugin MediaPlayerEditor
LogPluginManager: Mounting plugin WmfMedia
LogPluginManager: Mounting plugin TcpMessaging
LogPluginManager: Mounting plugin UdpMessaging
LogPluginManager: Mounting plugin ActorSequence
LogPluginManager: Mounting plugin LevelSequenceEditor
LogPluginManager: Mounting plugin MatineeToLevelSequence
LogPluginManager: Mounting plugin OnlineSubsystemGooglePlay
LogPluginManager: Mounting plugin OnlineSubsystemIOS
LogPluginManager: Mounting plugin OnlineSubsystem
LogPluginManager: Mounting plugin OnlineSubsystemNull
LogPluginManager: Mounting plugin OnlineSubsystemUtils
LogPluginManager: Mounting plugin AndroidDeviceProfileSelector
LogPluginManager: Mounting plugin AndroidMoviePlayer
LogPluginManager: Mounting plugin AndroidPermission
LogPluginManager: Mounting plugin AppleARKit
LogPluginManager: Mounting plugin AppleMoviePlayer
LogPluginManager: Mounting plugin ArchVisCharacter
LogPluginManager: Mounting plugin CableComponent
LogPluginManager: Mounting plugin CustomMeshComponent
LogPluginManager: Mounting plugin ExampleDeviceProfileSelector
LogPluginManager: Mounting plugin GoogleCloudMessaging
LogPluginManager: Mounting plugin ImmediatePhysics
LogPluginManager: Mounting plugin IOSDeviceProfileSelector
LogPluginManager: Mounting plugin LinuxDeviceProfileSelector
LogPluginManager: Mounting plugin LocationServicesBPLibrary
LogPluginManager: Mounting plugin MobilePatchingUtils
LogPluginManager: Mounting plugin OculusVR
LogPluginManager: Plugin shader directory ../../../Engine/Plugins/Runtime/Oculus/OculusVR/Shaders found
LogPluginManager: Mapping shader source directory ../../../Engine/Plugins/Runtime/Oculus/OculusVR/Shaders to virtual directory /Plugin/OculusVR
LogPluginManager: Mounting plugin PhysXVehicles
LogPluginManager: Mounting plugin ProceduralMeshComponent
LogPluginManager: Mounting plugin RuntimePhysXCooking
LogPluginManager: Mounting plugin SteamVR
LogPluginManager: Mounting plugin WindowsMoviePlayer
LogInit: Using libcurl 7.47.1
LogInit:  - built for x86_64-pc-win32
LogInit:  - supports SSL with OpenSSL/1.0.2g
LogInit:  - supports HTTP deflate (compression) using libz 1.2.8
LogInit:  - other features:
LogInit:      CURL_VERSION_SSL
LogInit:      CURL_VERSION_LIBZ
LogInit:      CURL_VERSION_IPV6
LogInit:      CURL_VERSION_ASYNCHDNS
LogInit:      CURL_VERSION_LARGEFILE
LogInit:      CURL_VERSION_IDN
LogInit:  CurlRequestOptions (configurable via config and command line):
LogInit:  - bVerifyPeer = false  - Libcurl will NOT verify peer certificate
LogInit:  - bUseHttpProxy = false  - Libcurl will NOT use HTTP proxy
LogInit:  - bDontReuseConnections = false  - Libcurl will reuse connections
LogInit:  - CertBundlePath = nullptr  - Libcurl will use whatever was configured at build time.
LogInit: Build: ++UE4+Release-4.18-CL-3832480
LogInit: Engine Version: 4.18.3-3832480+++UE4+Release-4.18
LogInit: Compatible Engine Version: 4.18.0-3709383+++UE4+Release-4.18
LogInit: Net CL: 3709383
LogDevObjectVersion: Number of dev versions registered: 16
LogDevObjectVersion:   Dev-Blueprints (B0D832E4-1F89-4F0D-ACCF-7EB736FD4AA2): 10
LogDevObjectVersion:   Dev-Build (E1C64328-A22C-4D53-A36C-8E866417BD8C): 0
LogDevObjectVersion:   Dev-Core (375EC13C-06E4-48FB-B500-84F0262A717E): 2
LogDevObjectVersion:   Dev-Editor (E4B068ED-F494-42E9-A231-DA0B2E46BB41): 20
LogDevObjectVersion:   Dev-Framework (CFFC743F-43B0-4480-9391-14DF171D2073): 30
LogDevObjectVersion:   Dev-Mobile (B02B49B5-BB20-44E9-A304-32B752E40360): 0
LogDevObjectVersion:   Dev-Networking (A4E4105C-59A1-49B5-A7C5-40C4547EDFEE): 0
LogDevObjectVersion:   Dev-Online (39C831C9-5AE6-47DC-9A44-9C173E1C8E7C): 0
LogDevObjectVersion:   Dev-Physics (78F01B33-EBEA-4F98-B9B4-84EACCB95AA2): 0
LogDevObjectVersion:   Dev-Platform (6631380F-2D4D-43E0-8009-CF276956A95A): 0
LogDevObjectVersion:   Dev-Rendering (12F88B9F-8875-4AFC-A67C-D90C383ABD29): 20
LogDevObjectVersion:   Dev-Sequencer (7B5AE74C-D270-4C10-A958-57980B212A5A): 4
LogDevObjectVersion:   Dev-VR (D7296918-1DD6-4BDD-9DE2-64A83CC13884): 0
LogDevObjectVersion:   Dev-LoadTimes (C2A15278-BFE7-4AFE-6C17-90FF531DF755): 1
LogDevObjectVersion:   Private-Geometry (6EACA3D4-40EC-4CC1-B786-8BED09428FC5): 1
LogDevObjectVersion:   Dev-AnimPhys (29E575DD-E0A3-4627-9D10-D276232CDCEA): 12
LogInit: Compiled (64-bit): Jan 12 2018 02:04:55
LogInit: Compiled with Visual C++: 19.00.24215.01
LogInit: Build Configuration: Development
LogInit: Branch Name: ++UE4+Release-4.18
LogInit: Command line:  
LogInit: Base directory: C:/Program Files/Epic Games/UE_4.18/Engine/Binaries/Win64/
LogInit: Installed Engine Build: 1
LogInit: Presizing for max 8388607 objects, including 0 objects not considered by GC, pre-allocating 0 bytes for permanent pool.
LogInit: Object subsystem initialized
[2018.03.04-01.25.28:076][  0]LogInit: Selected Device Profile: [Windows]
[2018.03.04-01.25.28:076][  0]LogInit: Applying CVar settings loaded from the selected device profile: [Windows]
[2018.03.04-01.25.28:108][  0]LogInit: Computer: LAPTOP-649GGATK
[2018.03.04-01.25.28:108][  0]LogInit: User: ZacGilfoyle
[2018.03.04-01.25.28:108][  0]LogInit: CPU Page size=4096, Cores=4
[2018.03.04-01.25.28:108][  0]LogInit: High frequency timer resolution =2.742189 MHz
[2018.03.04-01.25.28:108][  0]LogMemory: Memory total: Physical=7.9GB (8GB approx)
[2018.03.04-01.25.28:108][  0]LogMemory: Platform Memory Stats for Windows
[2018.03.04-01.25.28:108][  0]LogMemory: Process Physical Memory: 273.94 MB used, 273.94 MB peak
[2018.03.04-01.25.28:108][  0]LogMemory: Process Virtual Memory: 271.83 MB used, 271.83 MB peak
[2018.03.04-01.25.28:108][  0]LogMemory: Physical Memory: 5459.20 MB used,  2596.66 MB free, 8055.86 MB total
[2018.03.04-01.25.28:108][  0]LogMemory: Virtual Memory: 679.48 MB used,  2596.66 MB free, 134217728.00 MB total
[2018.03.04-01.25.28:555][  0]LogInit: Using OS detected language (en-US).
[2018.03.04-01.25.28:555][  0]LogInit: Using OS detected locale (en-AU).
[2018.03.04-01.25.28:612][  0]LogTextLocalizationManager: No specific localization for 'en-US' exists, so the 'en' localization will be used.
[2018.03.04-01.25.29:084][  0]LogInit: Setting process to per monitor DPI aware
[2018.03.04-01.25.31:410][  0]LogD3D11RHI: D3D11 adapters:
[2018.03.04-01.25.31:762][  0]LogD3D11RHI:    0. 'NVIDIA GeForce GTX 1050' (Feature Level 11_0)
[2018.03.04-01.25.31:762][  0]LogD3D11RHI:       4029/0/4027 MB DedicatedVideo/DedicatedSystem/SharedSystem, Outputs:1, VendorId:0x10de
[2018.03.04-01.25.31:774][  0]LogD3D11RHI:    1. 'Intel(R) HD Graphics 630' (Feature Level 11_0)
[2018.03.04-01.25.31:774][  0]LogD3D11RHI:       128/0/4027 MB DedicatedVideo/DedicatedSystem/SharedSystem, Outputs:0, VendorId:0x8086
[2018.03.04-01.25.31:777][  0]LogD3D11RHI:    2. 'Microsoft Basic Render Driver' (Feature Level 11_0)
[2018.03.04-01.25.31:777][  0]LogD3D11RHI:       0/0/4027 MB DedicatedVideo/DedicatedSystem/SharedSystem, Outputs:0, VendorId:0x1414
[2018.03.04-01.25.31:777][  0]LogD3D11RHI: Chosen D3D11 Adapter: 0
[2018.03.04-01.25.31:786][  0]LogD3D11RHI: Creating new Direct3DDevice
[2018.03.04-01.25.31:786][  0]LogD3D11RHI:     GPU DeviceId: 0x1c8d (for the marketing name, search the web for "GPU Device Id")
[2018.03.04-01.25.31:786][  0]LogWindows: EnumDisplayDevices:
[2018.03.04-01.25.31:786][  0]LogWindows:    0. 'Intel(R) HD Graphics 630' (P:1 D:1)
[2018.03.04-01.25.31:787][  0]LogWindows:    1. 'Intel(R) HD Graphics 630' (P:0 D:0)
[2018.03.04-01.25.31:787][  0]LogWindows:    2. 'Intel(R) HD Graphics 630' (P:0 D:0)
[2018.03.04-01.25.31:787][  0]LogWindows:    3. 'NVIDIA GeForce GTX 1050' (P:0 D:0)
[2018.03.04-01.25.31:787][  0]LogWindows:    4. 'NVIDIA GeForce GTX 1050' (P:0 D:0)
[2018.03.04-01.25.31:787][  0]LogWindows:    5. 'NVIDIA GeForce GTX 1050' (P:0 D:0)
[2018.03.04-01.25.31:787][  0]LogWindows:    6. 'NVIDIA GeForce GTX 1050' (P:0 D:0)
[2018.03.04-01.25.31:787][  0]LogWindows: DebugString: GetVideoDriverDetailsInvalid PrimaryIsNotTheChoosenAdapter GetVideoDriverDetailsInvalid PrimaryIsNotTheChoosenAdapter GetVideoDriverDetailsInvalid PrimaryIsNotTheChoosenAdapter GetVideoDriverDetailsInvalid PrimaryIsNotTheChoosenAdapter GetVideoDriverDetailsInvalid PrimaryIsNotTheChoosenAdapter GetVideoDriverDetailsInvalid PrimaryIsNotTheChoosenAdapter GetVideoDriverDetailsInvalid PrimaryIsNotTheChoosenAdapter FoundDriverCount:0 
[2018.03.04-01.25.31:787][  0]LogD3D11RHI:     Adapter Name: NVIDIA GeForce GTX 1050
[2018.03.04-01.25.31:787][  0]LogD3D11RHI:   Driver Version: Unknown (internal:Unknown, unified:Unknown)
[2018.03.04-01.25.31:787][  0]LogD3D11RHI:      Driver Date: Unknown
[2018.03.04-01.25.31:787][  0]LogRHI: Texture pool is 2820 MB (70% of 4029 MB)
[2018.03.04-01.25.31:824][  0]LogD3D11RHI: Async texture creation enabled
[2018.03.04-01.25.31:865][  0]LogD3D11RHI: GPU Timing Frequency: 1000.000000 (Debug: 2 1)
[2018.03.04-01.25.31:870][  0]LogShaderCompilers: Guid format shader working directory is -40 characters bigger than the processId version (../../../../../../Users/Zac Gilfoyle/Documents/GitHub/SHOT_STUDIOS_MASTER/SHOT_STUDIOS_MASTER/Intermediate/Shaders/WorkingDirectory/7336/).
[2018.03.04-01.25.31:870][  0]LogShaderCompilers: Cleaned the shader compiler working directory 'C:/Users/Zac Gilfoyle/AppData/Local/Temp/UnrealShaderWorkingDir/80CD6FFB45D8D5FAA2A5749DCFA257A9/'.
[2018.03.04-01.25.31:871][  0]LogShaderCompilers: Display: Using Local Shader Compiler.
[2018.03.04-01.25.34:042][  0]LogTemp: Display: Loaded TP AllDesktopTargetPlatform
[2018.03.04-01.25.34:125][  0]LogTemp: Display: Loaded TP MacClientTargetPlatform
[2018.03.04-01.25.34:203][  0]LogTemp: Display: Loaded TP MacNoEditorTargetPlatform
[2018.03.04-01.25.34:283][  0]LogTemp: Display: Loaded TP MacServerTargetPlatform
[2018.03.04-01.25.34:374][  0]LogTemp: Display: Loaded TP MacTargetPlatform
[2018.03.04-01.25.34:455][  0]LogTemp: Display: Loaded TP WindowsClientTargetPlatform
[2018.03.04-01.25.34:537][  0]LogTemp: Display: Loaded TP WindowsNoEditorTargetPlatform
[2018.03.04-01.25.34:616][  0]LogTemp: Display: Loaded TP WindowsServerTargetPlatform
[2018.03.04-01.25.34:687][  0]LogTemp: Display: Loaded TP WindowsTargetPlatform
[2018.03.04-01.25.34:765][  0]LogTemp: Display: Loaded TP Android_ASTCTargetPlatform
[2018.03.04-01.25.34:843][  0]LogTemp: Display: Loaded TP Android_ATCTargetPlatform
[2018.03.04-01.25.34:916][  0]LogTemp: Display: Loaded TP Android_DXTTargetPlatform
[2018.03.04-01.25.34:998][  0]LogTemp: Display: Loaded TP Android_ETC1TargetPlatform
[2018.03.04-01.25.35:083][  0]LogTemp: Display: Loaded TP Android_ETC2TargetPlatform
[2018.03.04-01.25.35:274][  0]LogTemp: Display: Loaded TP Android_MultiTargetPlatform
[2018.03.04-01.25.35:274][  0]LogTemp: Display: Loaded TP Android_PVRTCTargetPlatform
[2018.03.04-01.25.35:371][  0]LogTemp: Display: Loaded TP AndroidTargetPlatform
[2018.03.04-01.25.35:437][  0]LogTemp: Display: Loaded TP HTML5TargetPlatform
[2018.03.04-01.25.35:584][  0]LogTemp: Display: Loaded TP IOSTargetPlatform
[2018.03.04-01.25.35:628][  0]LogTemp: Display: Loaded TP TVOSTargetPlatform
[2018.03.04-01.25.35:716][  0]LogTemp: Display: Loaded TP LinuxClientTargetPlatform
[2018.03.04-01.25.35:798][  0]LogTemp: Display: Loaded TP LinuxNoEditorTargetPlatform
[2018.03.04-01.25.35:884][  0]LogTemp: Display: Loaded TP LinuxServerTargetPlatform
[2018.03.04-01.25.35:967][  0]LogTemp: Display: Loaded TP LinuxTargetPlatform
[2018.03.04-01.25.35:968][  0]LogTargetPlatformManager: Display: Building Assets For Windows
[2018.03.04-01.25.37:034][  0]LogDerivedDataCache: Display: Max Cache Size: 512 MB
[2018.03.04-01.25.37:289][  0]LogDerivedDataCache: Loaded boot cache 0.25s 71MB C:/Users/Zac Gilfoyle/AppData/Local/UnrealEngine/4.18/DerivedDataCache/Boot.ddc.
[2018.03.04-01.25.37:289][  0]LogDerivedDataCache: Display: Loaded Boot cache: C:/Users/Zac Gilfoyle/AppData/Local/UnrealEngine/4.18/DerivedDataCache/Boot.ddc
[2018.03.04-01.25.37:289][  0]LogDerivedDataCache: FDerivedDataBackendGraph:  Pak pak cache file ../../../../../../Users/Zac Gilfoyle/Documents/GitHub/SHOT_STUDIOS_MASTER/SHOT_STUDIOS_MASTER/DerivedDataCache/DDC.ddp not found, will not use a pak cache.
[2018.03.04-01.25.37:289][  0]LogDerivedDataCache: Unable to find inner node Pak for hierarchical cache Hierarchy.
[2018.03.04-01.25.37:290][  0]LogDerivedDataCache: FDerivedDataBackendGraph:  CompressedPak pak cache file ../../../../../../Users/Zac Gilfoyle/Documents/GitHub/SHOT_STUDIOS_MASTER/SHOT_STUDIOS_MASTER/DerivedDataCache/Compressed.ddp not found, will not use a pak cache.
[2018.03.04-01.25.37:290][  0]LogDerivedDataCache: Unable to find inner node CompressedPak for hierarchical cache Hierarchy.
[2018.03.04-01.25.37:317][  0]LogDerivedDataCache: Display: Pak cache opened for reading ../../../Engine/DerivedDataCache/Compressed.ddp.
[2018.03.04-01.25.37:331][  0]LogDerivedDataCache: Using Local data cache path C:/Users/Zac Gilfoyle/AppData/Local/UnrealEngine/Common/DerivedDataCache: Writable
[2018.03.04-01.25.37:346][  0]LogMaterial: Verifying Global Shaders for PCD3D_SM5
[2018.03.04-01.25.37:349][  0]LogSlate: Using Freetype 2.6.0
[2018.03.04-01.25.37:365][  0]LogSlate: SlateFontCache - WITH_FREETYPE: 1, WITH_HARFBUZZ: 1
[2018.03.04-01.25.37:366][  0]LogSlate: SlateFontCache - WITH_FREETYPE: 1, WITH_HARFBUZZ: 1
[2018.03.04-01.25.38:226][  0]LogInit: Selected Device Profile: [Windows]
[2018.03.04-01.25.38:951][  0]LogSimplygon: Simplygon DLL not present - disabling.
[2018.03.04-01.25.39:021][  0]LogMeshReduction: Using SimplygonSwarm for distributed automatic mesh merging
[2018.03.04-01.25.39:021][  0]LogMeshReduction: Using QuadricMeshReduction for automatic static mesh reduction
[2018.03.04-01.25.39:021][  0]LogMeshReduction: No automatic skeletal mesh reduction module available
[2018.03.04-01.25.39:021][  0]LogMeshReduction: No automatic mesh merging module available
[2018.03.04-01.25.39:021][  0]LogMeshMerging: No automatic mesh merging module available
[2018.03.04-01.25.39:100][  0]LogNetVersion: SHOT_STUDIOS_MASTER , NetCL: 3709383, EngineNetVer: 2, GameNetVer: 0 (Checksum: 2059099905)
[2018.03.04-01.25.39:616][  0]LogAssetRegistry: FAssetRegistry took 0.0281 seconds to start up
[2018.03.04-01.25.41:006][  0]LogPackageLocalizationCache: Processed 7 localized package path(s) for 2 prioritized culture(s) in 0.124581 seconds
[2018.03.04-01.25.41:012][  0]LogUObjectArray: 35870 objects as part of root set at end of initial load.
[2018.03.04-01.25.41:012][  0]LogUObjectAllocator: 7363696 out of 0 bytes used by permanent object pool.
[2018.03.04-01.25.41:012][  0]LogUObjectArray: CloseDisregardForGC: 0/0 objects in disregard for GC pool
[2018.03.04-01.25.41:106][  0]LogInit: WinSock: version 1.1 (2.2), MaxSocks=32767, MaxUdp=65467
[2018.03.04-01.25.48:064][  0]LogTcpMessaging: Initializing TcpMessaging bridge
[2018.03.04-01.25.48:129][  0]LogUdpMessaging: Initializing bridge on interface 0.0.0.0:0 to multicast group 230.0.0.1:6666.
[2018.03.04-01.25.49:373][  0]LogMaterial: Uniform references updated for custom material expression Custom.
[2018.03.04-01.25.50:240][  0]SourceControl: Source control is disabled
[2018.03.04-01.25.50:241][  0]SourceControl: Source control is disabled
[2018.03.04-01.25.50:338][  0]SourceControl: Source control is disabled
[2018.03.04-01.25.50:425][  0]SourceControl: Source control is disabled
[2018.03.04-01.25.51:829][  0]LogAndroidPermission: UAndroidPermissionCallbackProxy::GetInstance
[2018.03.04-01.25.52:267][  0]LogOcInput: OculusInput pre-init called
[2018.03.04-01.25.52:781][  0]LogEngine: Initializing Engine...
[2018.03.04-01.25.52:784][  0]LogHMD: Failed to initialize OpenVR with code 110
[2018.03.04-01.25.53:390][  0]LogStats: UGameplayTagsManager::ConstructGameplayTagTree: Construct from data asset -  0.000 s
[2018.03.04-01.25.53:390][  0]LogStats: UGameplayTagsManager::ConstructGameplayTagTree: GameplayTagTreeChangedEvent.Broadcast -  0.000 s
[2018.03.04-01.25.53:636][  0]LogAIModule: Creating AISystem for world Untitled
[2018.03.04-01.25.53:651][  0]LogInit: XAudio2 using 'Speaker/Headphone (Realtek High Definition Audio)' : 2 channels at 48 kHz using 32 bits per sample (channel mask 0x3)
[2018.03.04-01.25.53:690][  0]LogInit: FAudioDevice initialized.
[2018.03.04-01.25.53:767][  0]LogDerivedDataCache: Saved boot cache 0.08s 78MB C:/Users/Zac Gilfoyle/AppData/Local/UnrealEngine/4.18/DerivedDataCache/Boot.ddc.
[2018.03.04-01.25.53:797][  0]LogInit: Texture streaming: Enabled
[2018.03.04-01.25.53:972][  0]LogEngineSessionManager: EngineSessionManager initialized
[2018.03.04-01.25.54:221][  0]LogInit: Transaction tracking system initialized
[2018.03.04-01.25.54:775][  0]BlueprintLog: New page: Editor Load
[2018.03.04-01.25.56:528][  0]LocalizationService: Localization service is disabled
[2018.03.04-01.25.58:070][  0]LogConsoleResponse: Display: 
[2018.03.04-01.25.58:706][  0]LogCook: Display: Max memory allowance for cook 16384mb min free memory 0mb
[2018.03.04-01.25.58:706][  0]LogCook: Display: Mobile HDR setting 1
[2018.03.04-01.25.58:707][  0]LogGameplayTags: Display: UGameplayTagsManager::DoneAddingNativeTags. DelegateIsBound: 0
[2018.03.04-01.25.59:817][  0]LogFileCache: Scanning file cache for directory 'C:/Users/Zac Gilfoyle/Documents/GitHub/SHOT_STUDIOS_MASTER/SHOT_STUDIOS_MASTER/Content/' took 0.02s
[2018.03.04-01.26.00:754][  0]SourceControl: Source control is disabled
[2018.03.04-01.26.00:755][  0]Cmd: MAP LOAD FILE="../../../../../../Users/Zac Gilfoyle/Documents/GitHub/SHOT_STUDIOS_MASTER/SHOT_STUDIOS_MASTER/Content/TopDownBP/Maps/TopDownExampleMap.umap" TEMPLATE=0 SHOWPROGRESS=1 FEATURELEVEL=3
[2018.03.04-01.26.00:756][  0]LightingResults: New page: Lighting Build
[2018.03.04-01.26.00:827][  0]MapCheck: New page: Map Check
[2018.03.04-01.26.00:827][  0]LightingResults: New page: Lighting Build
[2018.03.04-01.26.01:279][  0]LogBlueprint: Warning: [Compiler Ue4ASP_Character] InputAction Event references unknown Action 'Crouch' for  InputAction Crouch
[2018.03.04-01.26.01:279][  0]LogBlueprint: Warning: [Compiler Ue4ASP_Character] InputAction Event references unknown Action 'Jump' for  InputAction Jump
[2018.03.04-01.26.01:280][  0]LogBlueprint: Warning: [Compiler Ue4ASP_Character] Input Axis Event references unknown Axis 'LookUp' for  InputAxis LookUp
[2018.03.04-01.26.01:280][  0]LogBlueprint: Warning: [Compiler Ue4ASP_Character] Input Axis Event references unknown Axis 'Turn' for  InputAxis Turn
[2018.03.04-01.26.01:292][  0]LogBlueprint: Warning: [Compiler Ue4ASP_Character] [0038.51] Compile of Ue4ASP_Character successful, but with 4 Warning(s) [in 56 ms] (/Game/AnimStarterPack/Ue4ASP_Character.Ue4ASP_Character)
[2018.03.04-01.26.01:986][  0]LogAIModule: Creating AISystem for world TopDownExampleMap
[2018.03.04-01.26.02:022][  0]LogEditorServer: Finished looking for orphan Actors (0.000 secs)
[2018.03.04-01.26.02:042][  0]Cmd: MAP CHECKDEP NOCLEARLOG
[2018.03.04-01.26.02:119][  0]MapCheck: Map check complete: 0 Error(s), 0 Warning(s), took 77.943ms to complete.
[2018.03.04-01.26.02:119][  0]LogFileHelpers: Loading map 'TopDownExampleMap' took 1.365
[2018.03.04-01.26.02:342][  0]LogCollectionManager: Loaded 0 collections in 0.002274 seconds
[2018.03.04-01.26.02:467][  0]LogFileCache: Scanning file cache for directory 'C:/Users/Zac Gilfoyle/Documents/GitHub/SHOT_STUDIOS_MASTER/SHOT_STUDIOS_MASTER/Saved/Collections/' took 0.01s
[2018.03.04-01.26.02:467][  0]LogFileCache: Scanning file cache for directory 'C:/Users/Zac Gilfoyle/Documents/GitHub/SHOT_STUDIOS_MASTER/SHOT_STUDIOS_MASTER/Content/Developers/ZacGilfoyle/Collections/' took 0.01s
[2018.03.04-01.26.02:467][  0]LogFileCache: Scanning file cache for directory 'C:/Users/Zac Gilfoyle/Documents/GitHub/SHOT_STUDIOS_MASTER/SHOT_STUDIOS_MASTER/Content/Collections/' took 0.01s
[2018.03.04-01.26.02:467][  0]LogCollectionManager: Rebuilt the GUID cache for 0 collections in 0.000000 seconds
[2018.03.04-01.26.02:476][  0]LogContentBrowser: Native class hierarchy populated in 0.0082 seconds. Added 2363 classes and 519 folders.
[2018.03.04-01.26.02:587][  0]LogContentBrowser: Native class hierarchy updated for 'WidgetCarousel' in 0.0003 seconds. Added 0 classes and 0 folders.
[2018.03.04-01.26.02:991][  0]LogContentBrowser: Native class hierarchy updated for 'AddContentDialog' in 0.0002 seconds. Added 0 classes and 0 folders.
[2018.03.04-01.26.03:067][  0]LogContentBrowser: Native class hierarchy updated for 'SceneOutliner' in 0.0003 seconds. Added 1 classes and 2 folders.
[2018.03.04-01.26.03:128][  0]LogSlate: Took 0.006657 seconds to synchronously load lazily loaded font '../../../Engine/Content/Slate/Fonts/Roboto-Regular.ttf' (155K)
[2018.03.04-01.26.03:139][  0]LogSlate: Took 0.007509 seconds to synchronously load lazily loaded font '../../../Engine/Content/Slate/Fonts/Roboto-Bold.ttf' (160K)
[2018.03.04-01.26.03:152][  0]LogSlate: Took 0.006525 seconds to synchronously load lazily loaded font '../../../Engine/Content/Editor/Slate/Fonts/FontAwesome.ttf' (139K)
[2018.03.04-01.26.03:346][  0]LogRenderer: Reallocating scene render targets to support 964x436 Format 10 NumSamples 1 (Frame:1).
[2018.03.04-01.26.03:740][  0]LogContentBrowser: Native class hierarchy updated for 'HierarchicalLODOutliner' in 0.0002 seconds. Added 1 classes and 2 folders.
[2018.03.04-01.26.03:740][  0]LogLoad: (Engine Initialization) Total time: 40.96 seconds
[2018.03.04-01.26.03:741][  0]LogLoad: (Engine Initialization) Total Blueprint compile time: 0.00 seconds
[2018.03.04-01.26.03:741][  0]LogExternalProfiler: No external profilers were discovered.  External profiling features will not be available.
[2018.03.04-01.26.04:102][  0]LogContentStreaming: Texture pool size now 1000 MB
[2018.03.04-01.26.04:174][  0]LogSlate: Took 0.004741 seconds to synchronously load lazily loaded font '../../../Engine/Content/Slate/Fonts/Roboto-Light.ttf' (159K)
[2018.03.04-01.26.04:442][  1]LogAssetRegistry: Asset discovery search completed in 24.8483 seconds
[2018.03.04-01.26.04:444][  1]LogCollectionManager: Rebuilt the object cache for 0 collections in 0.000000 seconds (found 0 objects)
[2018.03.04-01.26.04:445][  1]LogCollectionManager: Fixed up redirectors for 0 collections in 0.000137 seconds (updated 0 objects)
[2018.03.04-01.26.05:083][  3]LogSlate: Took 0.000272 seconds to synchronously load lazily loaded font '../../../Engine/Content/Slate/Fonts/Roboto-Light.ttf' (159K)
[2018.03.04-01.26.29:135][742]LogTemp: Repeating last play command: Selected Viewport
[2018.03.04-01.26.29:187][742]LogBlueprintUserMessages: Early PlayInEditor Detection: Level '/Game/TopDownBP/Maps/TopDownExampleMap.TopDownExampleMap:PersistentLevel' has LevelScriptBlueprint '/Game/TopDownBP/Maps/TopDownExampleMap.TopDownExampleMap:PersistentLevel.TopDownExampleMap' with GeneratedClass '/Game/TopDownBP/Maps/TopDownExampleMap.TopDownExampleMap_C' with ClassGeneratedBy '/Game/TopDownBP/Maps/TopDownExampleMap.TopDownExampleMap:PersistentLevel.TopDownExampleMap'
[2018.03.04-01.26.29:193][742]LogPlayLevel: PlayLevel: No blueprints needed recompiling
[2018.03.04-01.26.29:196][742]PIE: New page: PIE session: TopDownExampleMap (4 Mar 2018 11:26:29 pm)
[2018.03.04-01.26.29:196][742]LogPlayLevel: Creating play world package: /Game/TopDownBP/Maps/UEDPIE_0_TopDownExampleMap
[2018.03.04-01.26.29:230][742]LogPlayLevel: PIE: StaticDuplicateObject took: (0.033543s)
[2018.03.04-01.26.29:232][742]LogAIModule: Creating AISystem for world TopDownExampleMap
[2018.03.04-01.26.29:232][742]LogPlayLevel: PIE: World Init took: (0.002217s)
[2018.03.04-01.26.29:233][742]LogPlayLevel: PIE: Created PIE world by copying editor world from /Game/TopDownBP/Maps/TopDownExampleMap.TopDownExampleMap to /Game/TopDownBP/Maps/UEDPIE_0_TopDownExampleMap.TopDownExampleMap (0.036721s)
[2018.03.04-01.26.29:250][742]LogInit: XAudio2 using 'Speaker/Headphone (Realtek High Definition Audio)' : 2 channels at 48 kHz using 32 bits per sample (channel mask 0x3)
[2018.03.04-01.26.29:270][742]LogInit: FAudioDevice initialized.
[2018.03.04-01.26.29:314][742]LogLoad: Game class is 'TopDownGameMode_C'
[2018.03.04-01.26.29:326][742]LogWorld: Bringing World /Game/TopDownBP/Maps/UEDPIE_0_TopDownExampleMap.TopDownExampleMap up for play (max tick rate 0) at 2018.03.04-12.26.29
[2018.03.04-01.26.29:331][742]LogWorld: Bringing up level for play took: 0.012786
[2018.03.04-01.26.29:419][742]LogContentBrowser: Native class hierarchy updated for 'MovieSceneCapture' in 0.0004 seconds. Added 11 classes and 0 folders.
[2018.03.04-01.26.29:425][742]PIE: Play in editor start time for /Game/TopDownBP/Maps/UEDPIE_0_TopDownExampleMap 0.268
[2018.03.04-01.26.29:425][742]LogBlueprintUserMessages: Late PlayInEditor Detection: Level '/Game/TopDownBP/Maps/TopDownExampleMap.TopDownExampleMap:PersistentLevel' has LevelScriptBlueprint '/Game/TopDownBP/Maps/TopDownExampleMap.TopDownExampleMap:PersistentLevel.TopDownExampleMap' with GeneratedClass '/Game/TopDownBP/Maps/TopDownExampleMap.TopDownExampleMap_C' with ClassGeneratedBy '/Game/TopDownBP/Maps/TopDownExampleMap.TopDownExampleMap:PersistentLevel.TopDownExampleMap'
[2018.03.04-01.26.54:218][215]LogBlueprintUserMessages: Early EndPlayMap Detection: Level '/Game/TopDownBP/Maps/TopDownExampleMap.TopDownExampleMap:PersistentLevel' has LevelScriptBlueprint '/Game/TopDownBP/Maps/TopDownExampleMap.TopDownExampleMap:PersistentLevel.TopDownExampleMap' with GeneratedClass '/Game/TopDownBP/Maps/TopDownExampleMap.TopDownExampleMap_C' with ClassGeneratedBy '/Game/TopDownBP/Maps/TopDownExampleMap.TopDownExampleMap:PersistentLevel.TopDownExampleMap'
[2018.03.04-01.26.54:255][215]LogBlueprintUserMessages: Late EndPlayMap Detection: Level '/Game/TopDownBP/Maps/TopDownExampleMap.TopDownExampleMap:PersistentLevel' has LevelScriptBlueprint '/Game/TopDownBP/Maps/TopDownExampleMap.TopDownExampleMap:PersistentLevel.TopDownExampleMap' with GeneratedClass '/Game/TopDownBP/Maps/TopDownExampleMap.TopDownExampleMap_C' with ClassGeneratedBy '/Game/TopDownBP/Maps/TopDownExampleMap.TopDownExampleMap:PersistentLevel.TopDownExampleMap'
[2018.03.04-01.28.21:880][264]LogSlate: Took 0.000371 seconds to synchronously load lazily loaded font '../../../Engine/Content/Slate/Fonts/Roboto-Light.ttf' (159K)
[2018.03.04-01.28.22:339][264]LogContentBrowser: Native class hierarchy updated for 'BlueprintGraph' in 0.0007 seconds. Added 116 classes and 0 folders.
[2018.03.04-01.28.23:025][264]LogSlate: Took 0.000172 seconds to synchronously load lazily loaded font '../../../Engine/Content/Slate/Fonts/Roboto-Regular.ttf' (155K)
[2018.03.04-01.28.23:159][264]LogSlate: Took 0.004167 seconds to synchronously load lazily loaded font '../../../Engine/Content/Editor/Slate/Fonts/Roboto-BoldCondensed.ttf' (158K)
[2018.03.04-01.28.23:321][265]LogSlate: Took 0.004624 seconds to synchronously load lazily loaded font '../../../Engine/Content/Editor/Slate/Fonts/Roboto-Italic.ttf' (157K)
[2018.03.04-01.28.34:597][326]LogRenderer: Reallocating scene render targets to support 964x688 Format 10 NumSamples 1 (Frame:1).
[2018.03.04-01.30.00:902][602]LogSavePackage: Save=82.25ms
[2018.03.04-01.30.00:902][602]LogSavePackage: Moving '../../../../../../Users/Zac Gilfoyle/Documents/GitHub/SHOT_STUDIOS_MASTER/SHOT_STUDIOS_MASTER/Saved/TopDownCharacter27FFF3A14ECEEDF055D6CEA12CF12325.tmp' to '../../../../../../Users/Zac Gilfoyle/Documents/GitHub/SHOT_STUDIOS_MASTER/SHOT_STUDIOS_MASTER/Content/TopDownBP/Blueprints/TopDownCharacter.uasset'
[2018.03.04-01.30.00:918][602]LogSavePackage: Display: Finished SavePackage ../../../../../../Users/Zac Gilfoyle/Documents/GitHub/SHOT_STUDIOS_MASTER/SHOT_STUDIOS_MASTER/Content/TopDownBP/Blueprints/TopDownCharacter.uasset
[2018.03.04-01.30.01:505][638]BlueprintLog: New page: Compile TopDownCharacter
[2018.03.04-01.32.15:950][141]LogRenderer: Reallocating scene render targets to support 1220x688 Format 10 NumSamples 1 (Frame:6859).
[2018.03.04-01.36.28:991][ 92]LogSavePackage: Save=210.00ms
[2018.03.04-01.36.28:991][ 92]LogSavePackage: Moving '../../../../../../Users/Zac Gilfoyle/Documents/GitHub/SHOT_STUDIOS_MASTER/SHOT_STUDIOS_MASTER/Saved/TopDownExampleMap_Auto1772E71F0489B2395A7D752B527F4AC7F.tmp' to '../../../../../../Users/Zac Gilfoyle/Documents/GitHub/SHOT_STUDIOS_MASTER/SHOT_STUDIOS_MASTER/Saved/Autosaves/Game/TopDownBP/Maps/TopDownExampleMap_Auto1.umap'
[2018.03.04-01.36.28:994][ 92]LogSavePackage: Display: Finished SavePackage ../../../../../../Users/Zac Gilfoyle/Documents/GitHub/SHOT_STUDIOS_MASTER/SHOT_STUDIOS_MASTER/Saved/Autosaves/Game/TopDownBP/Maps/TopDownExampleMap_Auto1.umap
[2018.03.04-01.36.28:998][ 92]LogFileHelpers: Editor autosave (incl. sublevels) for '/Game/TopDownBP/Maps/TopDownExampleMap' took 0.294
[2018.03.04-01.36.28:998][ 92]LogFileHelpers: Editor autosave (incl. sublevels) for all levels took 0.294
[2018.03.04-01.36.29:008][ 92]OBJ SavePackage: Generating thumbnails for [1] asset(s) in package [/Game/TopDownBP/Blueprints/TopDownCharacter] ([1] browsable assets)...
[2018.03.04-01.36.29:050][ 92]OBJ SavePackage:     Rendered thumbnail for [Blueprint /Game/TopDownBP/Blueprints/TopDownCharacter.TopDownCharacter]
[2018.03.04-01.36.29:050][ 92]OBJ SavePackage: Finished generating thumbnails for package [/Game/TopDownBP/Blueprints/TopDownCharacter]
[2018.03.04-01.36.29:128][ 92]LogSavePackage: Save=63.98ms
[2018.03.04-01.36.29:128][ 92]LogSavePackage: Moving '../../../../../../Users/Zac Gilfoyle/Documents/GitHub/SHOT_STUDIOS_MASTER/SHOT_STUDIOS_MASTER/Saved/TopDownCharacter_Auto1633B17D8428355BD968A9987EDD684D7.tmp' to '../../../../../../Users/Zac Gilfoyle/Documents/GitHub/SHOT_STUDIOS_MASTER/SHOT_STUDIOS_MASTER/Saved/Autosaves/Game/TopDownBP/Blueprints/TopDownCharacter_Auto1.uasset'
[2018.03.04-01.36.29:131][ 92]LogSavePackage: Display: Finished SavePackage ../../../../../../Users/Zac Gilfoyle/Documents/GitHub/SHOT_STUDIOS_MASTER/SHOT_STUDIOS_MASTER/Saved/Autosaves/Game/TopDownBP/Blueprints/TopDownCharacter_Auto1.uasset
[2018.03.04-01.36.29:131][ 92]LogFileHelpers: Auto-saving content packages took 0.125
[2018.03.04-01.37.10:074][982]LogSavePackage: Save=53.65ms
[2018.03.04-01.37.10:074][982]LogSavePackage: Moving '../../../../../../Users/Zac Gilfoyle/Documents/GitHub/SHOT_STUDIOS_MASTER/SHOT_STUDIOS_MASTER/Saved/TopDownCharacterE1BE1CE441A31757571E4295667CADE1.tmp' to '../../../../../../Users/Zac Gilfoyle/Documents/GitHub/SHOT_STUDIOS_MASTER/SHOT_STUDIOS_MASTER/Content/TopDownBP/Blueprints/TopDownCharacter.uasset'
[2018.03.04-01.37.10:080][982]LogSavePackage: Display: Finished SavePackage ../../../../../../Users/Zac Gilfoyle/Documents/GitHub/SHOT_STUDIOS_MASTER/SHOT_STUDIOS_MASTER/Content/TopDownBP/Blueprints/TopDownCharacter.uasset
[2018.03.04-01.37.10:745][ 54]BlueprintLog: New page: Compile TopDownCharacter
[2018.03.04-01.37.14:180][335]LogSavePackage: Save=204.49ms
[2018.03.04-01.37.14:180][335]LogSavePackage: Moving '../../../../../../Users/Zac Gilfoyle/Documents/GitHub/SHOT_STUDIOS_MASTER/SHOT_STUDIOS_MASTER/Saved/TopDownExampleMapAC4B739F495CC5499E6E98B550D6302C.tmp' to '../../../../../../Users/Zac Gilfoyle/Documents/GitHub/SHOT_STUDIOS_MASTER/SHOT_STUDIOS_MASTER/Content/TopDownBP/Maps/TopDownExampleMap.umap'
[2018.03.04-01.37.14:187][335]LogSavePackage: Display: Finished SavePackage ../../../../../../Users/Zac Gilfoyle/Documents/GitHub/SHOT_STUDIOS_MASTER/SHOT_STUDIOS_MASTER/Content/TopDownBP/Maps/TopDownExampleMap.umap
[2018.03.04-01.37.16:308][524]LogTemp: Repeating last play command: Selected Viewport
[2018.03.04-01.37.16:345][524]LogBlueprintUserMessages: Early PlayInEditor Detection: Level '/Game/TopDownBP/Maps/TopDownExampleMap.TopDownExampleMap:PersistentLevel' has LevelScriptBlueprint '/Game/TopDownBP/Maps/TopDownExampleMap.TopDownExampleMap:PersistentLevel.TopDownExampleMap' with GeneratedClass '/Game/TopDownBP/Maps/TopDownExampleMap.TopDownExampleMap_C' with ClassGeneratedBy '/Game/TopDownBP/Maps/TopDownExampleMap.TopDownExampleMap:PersistentLevel.TopDownExampleMap'
[2018.03.04-01.37.16:345][524]LogPlayLevel: PlayLevel: No blueprints needed recompiling
[2018.03.04-01.37.16:346][524]PIE: New page: PIE session: TopDownExampleMap (4 Mar 2018 11:37:16 pm)
[2018.03.04-01.37.16:346][524]LogPlayLevel: Creating play world package: /Game/TopDownBP/Maps/UEDPIE_0_TopDownExampleMap
[2018.03.04-01.37.16:379][524]LogPlayLevel: PIE: StaticDuplicateObject took: (0.032424s)
[2018.03.04-01.37.16:380][524]LogAIModule: Creating AISystem for world TopDownExampleMap
[2018.03.04-01.37.16:380][524]LogPlayLevel: PIE: World Init took: (0.001401s)
[2018.03.04-01.37.16:381][524]LogPlayLevel: PIE: Created PIE world by copying editor world from /Game/TopDownBP/Maps/TopDownExampleMap.TopDownExampleMap to /Game/TopDownBP/Maps/UEDPIE_0_TopDownExampleMap.TopDownExampleMap (0.034709s)
[2018.03.04-01.37.16:407][524]LogInit: XAudio2 using 'Speaker/Headphone (Realtek High Definition Audio)' : 2 channels at 48 kHz using 32 bits per sample (channel mask 0x3)
[2018.03.04-01.37.16:440][524]LogInit: FAudioDevice initialized.
[2018.03.04-01.37.16:470][524]LogLoad: Game class is 'TopDownGameMode_C'
[2018.03.04-01.37.16:475][524]LogWorld: Bringing World /Game/TopDownBP/Maps/UEDPIE_0_TopDownExampleMap.TopDownExampleMap up for play (max tick rate 0) at 2018.03.04-12.37.16
[2018.03.04-01.37.16:477][524]LogWorld: Bringing up level for play took: 0.005035
[2018.03.04-01.37.16:479][524]PIE: Play in editor start time for /Game/TopDownBP/Maps/UEDPIE_0_TopDownExampleMap -0.678
[2018.03.04-01.37.16:479][524]LogBlueprintUserMessages: Late PlayInEditor Detection: Level '/Game/TopDownBP/Maps/TopDownExampleMap.TopDownExampleMap:PersistentLevel' has LevelScriptBlueprint '/Game/TopDownBP/Maps/TopDownExampleMap.TopDownExampleMap:PersistentLevel.TopDownExampleMap' with GeneratedClass '/Game/TopDownBP/Maps/TopDownExampleMap.TopDownExampleMap_C' with ClassGeneratedBy '/Game/TopDownBP/Maps/TopDownExampleMap.TopDownExampleMap:PersistentLevel.TopDownExampleMap'
[2018.03.04-01.37.33:708][130]LogBlueprintUserMessages: Early EndPlayMap Detection: Level '/Game/TopDownBP/Maps/TopDownExampleMap.TopDownExampleMap:PersistentLevel' has LevelScriptBlueprint '/Game/TopDownBP/Maps/TopDownExampleMap.TopDownExampleMap:PersistentLevel.TopDownExampleMap' with GeneratedClass '/Game/TopDownBP/Maps/TopDownExampleMap.TopDownExampleMap_C' with ClassGeneratedBy '/Game/TopDownBP/Maps/TopDownExampleMap.TopDownExampleMap:PersistentLevel.TopDownExampleMap'
[2018.03.04-01.37.33:752][130]LogBlueprintUserMessages: Late EndPlayMap Detection: Level '/Game/TopDownBP/Maps/TopDownExampleMap.TopDownExampleMap:PersistentLevel' has LevelScriptBlueprint '/Game/TopDownBP/Maps/TopDownExampleMap.TopDownExampleMap:PersistentLevel.TopDownExampleMap' with GeneratedClass '/Game/TopDownBP/Maps/TopDownExampleMap.TopDownExampleMap_C' with ClassGeneratedBy '/Game/TopDownBP/Maps/TopDownExampleMap.TopDownExampleMap:PersistentLevel.TopDownExampleMap'
[2018.03.04-01.40.33:870][901]LogSavePackage: Save=70.87ms
[2018.03.04-01.40.33:870][901]LogSavePackage: Moving '../../../../../../Users/Zac Gilfoyle/Documents/GitHub/SHOT_STUDIOS_MASTER/SHOT_STUDIOS_MASTER/Saved/TopDownCharacter240779BA4CA4928C16E34A9AA4D6BC8E.tmp' to '../../../../../../Users/Zac Gilfoyle/Documents/GitHub/SHOT_STUDIOS_MASTER/SHOT_STUDIOS_MASTER/Content/TopDownBP/Blueprints/TopDownCharacter.uasset'
[2018.03.04-01.40.33:877][901]LogSavePackage: Display: Finished SavePackage ../../../../../../Users/Zac Gilfoyle/Documents/GitHub/SHOT_STUDIOS_MASTER/SHOT_STUDIOS_MASTER/Content/TopDownBP/Blueprints/TopDownCharacter.uasset
[2018.03.04-01.40.34:624][982]BlueprintLog: New page: Compile TopDownCharacter
[2018.03.04-01.43.35:035][169]LogSavePackage: Save=187.70ms
[2018.03.04-01.43.35:035][169]LogSavePackage: Moving '../../../../../../Users/Zac Gilfoyle/Documents/GitHub/SHOT_STUDIOS_MASTER/SHOT_STUDIOS_MASTER/Saved/TopDownExampleMap4F3EC0DF4586DA15CEEF579DA2895A58.tmp' to '../../../../../../Users/Zac Gilfoyle/Documents/GitHub/SHOT_STUDIOS_MASTER/SHOT_STUDIOS_MASTER/Content/TopDownBP/Maps/TopDownExampleMap.umap'
[2018.03.04-01.43.35:046][169]LogSavePackage: Display: Finished SavePackage ../../../../../../Users/Zac Gilfoyle/Documents/GitHub/SHOT_STUDIOS_MASTER/SHOT_STUDIOS_MASTER/Content/TopDownBP/Maps/TopDownExampleMap.umap
